<?xml version="1.0" ?>
<!DOCTYPE coverage SYSTEM "http://cobertura.sourceforge.net/xml/coverage-04.dtd">
<coverage lines-valid="2731" lines-covered="709" line-rate="0.2596" branches-valid="1752" branches-covered="99" branch-rate="0.0565" timestamp="1585873775368" complexity="0" version="0.1">
  <sources>
    <source>/Users/sagegu/Documents/GitHub/ShareCareBackend</source>
  </sources>
  <packages>
    <package name="config" line-rate="0.4561" branch-rate="0.35">
      <classes>
        <class name="redis.js" filename="src/config/redis.js" line-rate="0.4561" branch-rate="0.35">
          <methods>
            <method name="parseUrl" hits="2" signature="()V">
              <lines>
                <line number="6" hits="2"/>
              </lines>
            </method>
            <method name="createRedisClient" hits="2" signature="()V">
              <lines>
                <line number="39" hits="2"/>
              </lines>
            </method>
            <method name="(anonymous_2)" hits="0" signature="()V">
              <lines>
                <line number="56" hits="0"/>
              </lines>
            </method>
            <method name="(anonymous_3)" hits="0" signature="()V">
              <lines>
                <line number="94" hits="0"/>
              </lines>
            </method>
            <method name="(anonymous_4)" hits="0" signature="()V">
              <lines>
                <line number="98" hits="0"/>
              </lines>
            </method>
            <method name="log" hits="0" signature="()V">
              <lines>
                <line number="119" hits="0"/>
              </lines>
            </method>
            <method name="logErr" hits="0" signature="()V">
              <lines>
                <line number="123" hits="0"/>
              </lines>
            </method>
            <method name="logErr" hits="0" signature="()V">
              <lines>
                <line number="131" hits="0"/>
              </lines>
            </method>
            <method name="logErr" hits="0" signature="()V">
              <lines>
                <line number="135" hits="0"/>
              </lines>
            </method>
          </methods>
          <lines>
            <line number="7" hits="2" branch="true" condition-coverage="50% (2/4)"/>
            <line number="8" hits="2" branch="false"/>
            <line number="10" hits="2" branch="false"/>
            <line number="11" hits="2" branch="false"/>
            <line number="13" hits="0" branch="false"/>
            <line number="14" hits="0" branch="false"/>
            <line number="15" hits="0" branch="false"/>
            <line number="18" hits="2" branch="false"/>
            <line number="19" hits="2" branch="false"/>
            <line number="20" hits="2" branch="true" condition-coverage="50% (1/2)"/>
            <line number="21" hits="0" branch="false"/>
            <line number="22" hits="0" branch="false"/>
            <line number="24" hits="2" branch="false"/>
            <line number="27" hits="2" branch="true" condition-coverage="50% (1/2)"/>
            <line number="28" hits="0" branch="false"/>
            <line number="29" hits="0" branch="false"/>
            <line number="30" hits="0" branch="false"/>
            <line number="33" hits="2" branch="false"/>
            <line number="41" hits="2" branch="false"/>
            <line number="43" hits="2" branch="false"/>
            <line number="44" hits="2" branch="false"/>
            <line number="46" hits="2" branch="true" condition-coverage="50% (1/2)"/>
            <line number="47" hits="0" branch="false"/>
            <line number="50" hits="2" branch="false"/>
            <line number="57" hits="0" branch="false"/>
            <line number="58" hits="0" branch="false"/>
            <line number="60" hits="0" branch="true" condition-coverage="0% (0/2)"/>
            <line number="62" hits="0" branch="false"/>
            <line number="65" hits="0" branch="false"/>
            <line number="73" hits="2" branch="true" condition-coverage="50% (1/2)"/>
            <line number="74" hits="2" branch="false"/>
            <line number="75" hits="2" branch="false"/>
            <line number="81" hits="2" branch="true" condition-coverage="50% (1/2)"/>
            <line number="82" hits="0" branch="false"/>
            <line number="86" hits="0" branch="false"/>
            <line number="88" hits="2" branch="false"/>
            <line number="90" hits="2" branch="false"/>
            <line number="93" hits="0" branch="false"/>
            <line number="94" hits="0" branch="false"/>
            <line number="99" hits="0" branch="false"/>
            <line number="105" hits="0" branch="true" condition-coverage="0% (0/2)"/>
            <line number="106" hits="0" branch="false"/>
            <line number="110" hits="0" branch="false"/>
            <line number="112" hits="0" branch="false"/>
            <line number="114" hits="0" branch="false"/>
            <line number="119" hits="2" branch="false"/>
            <line number="120" hits="0" branch="false"/>
            <line number="123" hits="2" branch="false"/>
            <line number="124" hits="0" branch="false"/>
            <line number="125" hits="0" branch="true" condition-coverage="0% (0/2)"/>
            <line number="126" hits="0" branch="false"/>
            <line number="128" hits="0" branch="false"/>
            <line number="131" hits="2" branch="false"/>
            <line number="132" hits="0" branch="false"/>
            <line number="135" hits="2" branch="false"/>
            <line number="136" hits="0" branch="false"/>
            <line number="139" hits="2" branch="false"/>
          </lines>
        </class>
      </classes>
    </package>
    <package name="domain.acl" line-rate="0.0462" branch-rate="0">
      <classes>
        <class name="_accessRules.js" filename="src/domain/acl/_accessRules.js" line-rate="0.0462" branch-rate="0">
          <methods>
            <method name="mapAccessRules" hits="0" signature="()V">
              <lines>
                <line number="10" hits="0"/>
              </lines>
            </method>
            <method name="(anonymous_1)" hits="0" signature="()V">
              <lines>
                <line number="18" hits="0"/>
              </lines>
            </method>
            <method name="(anonymous_2)" hits="0" signature="()V">
              <lines>
                <line number="20" hits="0"/>
              </lines>
            </method>
            <method name="(anonymous_3)" hits="0" signature="()V">
              <lines>
                <line number="21" hits="0"/>
              </lines>
            </method>
            <method name="(anonymous_4)" hits="0" signature="()V">
              <lines>
                <line number="24" hits="0"/>
              </lines>
            </method>
            <method name="(anonymous_5)" hits="0" signature="()V">
              <lines>
                <line number="25" hits="0"/>
              </lines>
            </method>
            <method name="(anonymous_6)" hits="0" signature="()V">
              <lines>
                <line number="27" hits="0"/>
              </lines>
            </method>
            <method name="(anonymous_7)" hits="0" signature="()V">
              <lines>
                <line number="29" hits="0"/>
              </lines>
            </method>
            <method name="(anonymous_8)" hits="0" signature="()V">
              <lines>
                <line number="38" hits="0"/>
              </lines>
            </method>
            <method name="(anonymous_9)" hits="0" signature="()V">
              <lines>
                <line number="48" hits="0"/>
              </lines>
            </method>
            <method name="getAccessForRole" hits="0" signature="()V">
              <lines>
                <line number="62" hits="0"/>
              </lines>
            </method>
            <method name="(anonymous_11)" hits="0" signature="()V">
              <lines>
                <line number="77" hits="0"/>
              </lines>
            </method>
            <method name="getAccessForOrganization" hits="0" signature="()V">
              <lines>
                <line number="91" hits="0"/>
              </lines>
            </method>
            <method name="appendTreeStr" hits="0" signature="()V">
              <lines>
                <line number="95" hits="0"/>
              </lines>
            </method>
            <method name="(anonymous_14)" hits="0" signature="()V">
              <lines>
                <line number="99" hits="0"/>
              </lines>
            </method>
            <method name="getAncestryTree" hits="0" signature="()V">
              <lines>
                <line number="106" hits="0"/>
              </lines>
            </method>
            <method name="setOrganizationActiveStatusACL" hits="0" signature="()V">
              <lines>
                <line number="118" hits="0"/>
              </lines>
            </method>
            <method name="(anonymous_17)" hits="0" signature="()V">
              <lines>
                <line number="121" hits="0"/>
              </lines>
            </method>
            <method name="getAncestries" hits="0" signature="()V">
              <lines>
                <line number="129" hits="0"/>
              </lines>
            </method>
            <method name="getRootOrganization" hits="0" signature="()V">
              <lines>
                <line number="140" hits="0"/>
              </lines>
            </method>
          </methods>
          <lines>
            <line number="1" hits="2" branch="false"/>
            <line number="2" hits="2" branch="false"/>
            <line number="3" hits="2" branch="false"/>
            <line number="11" hits="0" branch="true" condition-coverage="0% (0/4)"/>
            <line number="12" hits="0" branch="false"/>
            <line number="13" hits="0" branch="false"/>
            <line number="18" hits="0" branch="false"/>
            <line number="19" hits="0" branch="false"/>
            <line number="20" hits="0" branch="false"/>
            <line number="21" hits="0" branch="false"/>
            <line number="23" hits="0" branch="false"/>
            <line number="24" hits="0" branch="false"/>
            <line number="25" hits="0" branch="true" condition-coverage="0% (0/2)"/>
            <line number="27" hits="0" branch="false"/>
            <line number="29" hits="0" branch="true" condition-coverage="0% (0/2)"/>
            <line number="30" hits="0" branch="true" condition-coverage="0% (0/2)"/>
            <line number="31" hits="0" branch="true" condition-coverage="0% (0/2)"/>
            <line number="32" hits="0" branch="false"/>
            <line number="34" hits="0" branch="true" condition-coverage="0% (0/2)"/>
            <line number="35" hits="0" branch="false"/>
            <line number="38" hits="0" branch="false"/>
            <line number="43" hits="0" branch="false"/>
            <line number="48" hits="0" branch="false"/>
            <line number="54" hits="0" branch="false"/>
            <line number="59" hits="0" branch="false"/>
            <line number="63" hits="0" branch="true" condition-coverage="0% (0/4)"/>
            <line number="64" hits="0" branch="false"/>
            <line number="65" hits="0" branch="true" condition-coverage="0% (0/2)"/>
            <line number="66" hits="0" branch="false"/>
            <line number="67" hits="0" branch="true" condition-coverage="0% (0/2)"/>
            <line number="68" hits="0" branch="false"/>
            <line number="69" hits="0" branch="false"/>
            <line number="70" hits="0" branch="false"/>
            <line number="77" hits="0" branch="true" condition-coverage="0% (0/2)"/>
            <line number="81" hits="0" branch="false"/>
            <line number="86" hits="0" branch="false"/>
            <line number="88" hits="0" branch="false"/>
            <line number="92" hits="0" branch="true" condition-coverage="0% (0/2)"/>
            <line number="96" hits="0" branch="false"/>
            <line number="97" hits="0" branch="true" condition-coverage="0% (0/4)"/>
            <line number="98" hits="0" branch="false"/>
            <line number="99" hits="0" branch="false"/>
            <line number="100" hits="0" branch="false"/>
            <line number="103" hits="0" branch="false"/>
            <line number="107" hits="0" branch="false"/>
            <line number="108" hits="0" branch="false"/>
            <line number="110" hits="0" branch="true" condition-coverage="0% (0/2)"/>
            <line number="111" hits="0" branch="false"/>
            <line number="112" hits="0" branch="false"/>
            <line number="115" hits="0" branch="false"/>
            <line number="119" hits="0" branch="false"/>
            <line number="120" hits="0" branch="true" condition-coverage="0% (0/4)"/>
            <line number="121" hits="0" branch="false"/>
            <line number="122" hits="0" branch="true" condition-coverage="0% (0/2)"/>
            <line number="123" hits="0" branch="false"/>
            <line number="130" hits="0" branch="false"/>
            <line number="131" hits="0" branch="false"/>
            <line number="132" hits="0" branch="false"/>
            <line number="133" hits="0" branch="false"/>
            <line number="134" hits="0" branch="false"/>
            <line number="137" hits="0" branch="false"/>
            <line number="141" hits="0" branch="false"/>
            <line number="142" hits="0" branch="false"/>
            <line number="143" hits="0" branch="false"/>
            <line number="146" hits="0" branch="false"/>
          </lines>
        </class>
        <class name="_actions.js" filename="src/domain/acl/_actions.js" line-rate="1" branch-rate="1">
          <methods>
          </methods>
          <lines>
          </lines>
        </class>
        <class name="_tmpl.js" filename="src/domain/acl/_tmpl.js" line-rate="1" branch-rate="1">
          <methods>
          </methods>
          <lines>
          </lines>
        </class>
      </classes>
    </package>
    <package name="domain.acl.expressions" line-rate="0" branch-rate="0">
      <classes>
        <class name="contains.js" filename="src/domain/acl/expressions/contains.js" line-rate="0" branch-rate="0">
          <methods>
            <method name="contains" hits="0" signature="()V">
              <lines>
                <line number="10" hits="0"/>
              </lines>
            </method>
            <method name="(anonymous_1)" hits="0" signature="()V">
              <lines>
                <line number="14" hits="0"/>
              </lines>
            </method>
          </methods>
          <lines>
            <line number="11" hits="0" branch="true" condition-coverage="0% (0/4)"/>
            <line number="15" hits="0" branch="true" condition-coverage="0% (0/2)"/>
          </lines>
        </class>
        <class name="equals.js" filename="src/domain/acl/expressions/equals.js" line-rate="0" branch-rate="0">
          <methods>
            <method name="equals" hits="0" signature="()V">
              <lines>
                <line number="6" hits="0"/>
              </lines>
            </method>
          </methods>
          <lines>
            <line number="8" hits="0" branch="true" condition-coverage="0% (0/2)"/>
            <line number="9" hits="0" branch="true" condition-coverage="0% (0/4)"/>
          </lines>
        </class>
        <class name="index.js" filename="src/domain/acl/expressions/index.js" line-rate="1" branch-rate="1">
          <methods>
          </methods>
          <lines>
          </lines>
        </class>
        <class name="not_equals.js" filename="src/domain/acl/expressions/not_equals.js" line-rate="0" branch-rate="0">
          <methods>
            <method name="not_equals" hits="0" signature="()V">
              <lines>
                <line number="6" hits="0"/>
              </lines>
            </method>
          </methods>
          <lines>
            <line number="8" hits="0" branch="true" condition-coverage="0% (0/2)"/>
            <line number="9" hits="0" branch="true" condition-coverage="0% (0/4)"/>
          </lines>
        </class>
        <class name="owns.js" filename="src/domain/acl/expressions/owns.js" line-rate="0" branch-rate="0">
          <methods>
            <method name="owns" hits="0" signature="()V">
              <lines>
                <line number="11" hits="0"/>
              </lines>
            </method>
            <method name="checkOrganization" hits="0" signature="()V">
              <lines>
                <line number="19" hits="0"/>
              </lines>
            </method>
          </methods>
          <lines>
            <line number="13" hits="0" branch="true" condition-coverage="0% (0/2)"/>
            <line number="14" hits="0" branch="true" condition-coverage="0% (0/2)"/>
            <line number="20" hits="0" branch="false"/>
            <line number="21" hits="0" branch="false"/>
            <line number="23" hits="0" branch="true" condition-coverage="0% (0/8)"/>
            <line number="30" hits="0" branch="false"/>
            <line number="32" hits="0" branch="true" condition-coverage="0% (0/2)"/>
            <line number="33" hits="0" branch="false"/>
            <line number="36" hits="0" branch="true" condition-coverage="0% (0/3)"/>
          </lines>
        </class>
      </classes>
    </package>
    <package name="domain.acl.policy" line-rate="1" branch-rate="1">
      <classes>
        <class name="admin.js" filename="src/domain/acl/policy/admin.js" line-rate="1" branch-rate="1">
          <methods>
          </methods>
          <lines>
            <line number="12" hits="2" branch="false"/>
          </lines>
        </class>
        <class name="cma.js" filename="src/domain/acl/policy/cma.js" line-rate="1" branch-rate="1">
          <methods>
          </methods>
          <lines>
            <line number="12" hits="2" branch="false"/>
          </lines>
        </class>
        <class name="doctor.js" filename="src/domain/acl/policy/doctor.js" line-rate="1" branch-rate="1">
          <methods>
          </methods>
          <lines>
            <line number="12" hits="2" branch="false"/>
          </lines>
        </class>
        <class name="index.js" filename="src/domain/acl/policy/index.js" line-rate="1" branch-rate="1">
          <methods>
          </methods>
          <lines>
            <line number="9" hits="2" branch="false"/>
          </lines>
        </class>
        <class name="ma.js" filename="src/domain/acl/policy/ma.js" line-rate="1" branch-rate="1">
          <methods>
          </methods>
          <lines>
            <line number="11" hits="2" branch="false"/>
          </lines>
        </class>
        <class name="member.js" filename="src/domain/acl/policy/member.js" line-rate="1" branch-rate="1">
          <methods>
          </methods>
          <lines>
            <line number="12" hits="2" branch="false"/>
          </lines>
        </class>
        <class name="nurse.js" filename="src/domain/acl/policy/nurse.js" line-rate="1" branch-rate="1">
          <methods>
          </methods>
          <lines>
            <line number="11" hits="2" branch="false"/>
          </lines>
        </class>
        <class name="super_admin.js" filename="src/domain/acl/policy/super_admin.js" line-rate="1" branch-rate="1">
          <methods>
          </methods>
          <lines>
            <line number="12" hits="2" branch="false"/>
          </lines>
        </class>
      </classes>
    </package>
    <package name="domain.connectors.chat" line-rate="0.0426" branch-rate="0">
      <classes>
        <class name="Chat.js" filename="src/domain/connectors/chat/Chat.js" line-rate="0.0426" branch-rate="0">
          <methods>
            <method name="getKeys" hits="0" signature="()V">
              <lines>
                <line number="15" hits="0"/>
              </lines>
            </method>
            <method name="generateAuthKey" hits="0" signature="()V">
              <lines>
                <line number="24" hits="0"/>
              </lines>
            </method>
            <method name="grantAccess" hits="0" signature="()V">
              <lines>
                <line number="34" hits="0"/>
              </lines>
            </method>
            <method name="(anonymous_3)" hits="0" signature="()V">
              <lines>
                <line number="39" hits="0"/>
              </lines>
            </method>
            <method name="(anonymous_4)" hits="0" signature="()V">
              <lines>
                <line number="43" hits="0"/>
              </lines>
            </method>
            <method name="addChannelsToGroup" hits="0" signature="()V">
              <lines>
                <line number="56" hits="0"/>
              </lines>
            </method>
            <method name="(anonymous_6)" hits="0" signature="()V">
              <lines>
                <line number="62" hits="0"/>
              </lines>
            </method>
            <method name="removeChannelsFromGroup" hits="0" signature="()V">
              <lines>
                <line number="73" hits="0"/>
              </lines>
            </method>
            <method name="removeAllChannelsFromGroup" hits="0" signature="()V">
              <lines>
                <line number="77" hits="0"/>
              </lines>
            </method>
            <method name="listChannelsFromGroup" hits="0" signature="()V">
              <lines>
                <line number="81" hits="0"/>
              </lines>
            </method>
            <method name="listChannelsFromGroups" hits="0" signature="()V">
              <lines>
                <line number="85" hits="0"/>
              </lines>
            </method>
            <method name="(anonymous_11)" hits="0" signature="()V">
              <lines>
                <line number="91" hits="0"/>
              </lines>
            </method>
            <method name="(anonymous_12)" hits="0" signature="()V">
              <lines>
                <line number="91" hits="0"/>
              </lines>
            </method>
            <method name="getChannelHistory" hits="0" signature="()V">
              <lines>
                <line number="97" hits="0"/>
              </lines>
            </method>
            <method name="publishToChannel" hits="0" signature="()V">
              <lines>
                <line number="101" hits="0"/>
              </lines>
            </method>
            <method name="_getCfg" hits="0" signature="()V">
              <lines>
                <line number="107" hits="0"/>
              </lines>
            </method>
            <method name="splitArray" hits="0" signature="()V">
              <lines>
                <line number="116" hits="0"/>
              </lines>
            </method>
            <method name="(anonymous_17)" hits="0" signature="()V">
              <lines>
                <line number="119" hits="0"/>
              </lines>
            </method>
            <method name="(anonymous_18)" hits="0" signature="()V">
              <lines>
                <line number="120" hits="0"/>
              </lines>
            </method>
          </methods>
          <lines>
            <line number="14" hits="2" branch="false"/>
            <line number="16" hits="0" branch="false"/>
            <line number="17" hits="0" branch="true" condition-coverage="0% (0/2)"/>
            <line number="18" hits="0" branch="false"/>
            <line number="19" hits="0" branch="true" condition-coverage="0% (0/2)"/>
            <line number="21" hits="0" branch="false"/>
            <line number="25" hits="0" branch="false"/>
            <line number="26" hits="0" branch="false"/>
            <line number="35" hits="0" branch="false"/>
            <line number="36" hits="0" branch="false"/>
            <line number="38" hits="0" branch="true" condition-coverage="0% (0/2)"/>
            <line number="39" hits="0" branch="false"/>
            <line number="41" hits="0" branch="false"/>
            <line number="42" hits="0" branch="false"/>
            <line number="43" hits="0" branch="false"/>
            <line number="47" hits="0" branch="false"/>
            <line number="48" hits="0" branch="false"/>
            <line number="50" hits="0" branch="false"/>
            <line number="51" hits="0" branch="false"/>
            <line number="53" hits="0" branch="false"/>
            <line number="57" hits="0" branch="false"/>
            <line number="58" hits="0" branch="false"/>
            <line number="60" hits="0" branch="false"/>
            <line number="61" hits="0" branch="false"/>
            <line number="62" hits="0" branch="false"/>
            <line number="64" hits="0" branch="false"/>
            <line number="65" hits="0" branch="false"/>
            <line number="66" hits="0" branch="false"/>
            <line number="68" hits="0" branch="false"/>
            <line number="69" hits="0" branch="false"/>
            <line number="74" hits="0" branch="false"/>
            <line number="78" hits="0" branch="false"/>
            <line number="82" hits="0" branch="false"/>
            <line number="86" hits="0" branch="false"/>
            <line number="87" hits="0" branch="false"/>
            <line number="89" hits="0" branch="false"/>
            <line number="91" hits="0" branch="false"/>
            <line number="94" hits="0" branch="false"/>
            <line number="98" hits="0" branch="false"/>
            <line number="102" hits="0" branch="false"/>
            <line number="105" hits="2" branch="false"/>
            <line number="108" hits="0" branch="false"/>
            <line number="109" hits="0" branch="false"/>
            <line number="110" hits="0" branch="false"/>
            <line number="117" hits="0" branch="false"/>
            <line number="119" hits="0" branch="false"/>
            <line number="120" hits="0" branch="false"/>
          </lines>
        </class>
      </classes>
    </package>
    <package name="domain.connectors.chat.providers" line-rate="0.0294" branch-rate="0">
      <classes>
        <class name="pubnub.js" filename="src/domain/connectors/chat/providers/pubnub.js" line-rate="0.0294" branch-rate="0">
          <methods>
            <method name="getPubNub" hits="0" signature="()V">
              <lines>
                <line number="10" hits="0"/>
              </lines>
            </method>
            <method name="setAuthKey" hits="0" signature="()V">
              <lines>
                <line number="30" hits="0"/>
              </lines>
            </method>
            <method name="listChannels" hits="0" signature="()V">
              <lines>
                <line number="42" hits="0"/>
              </lines>
            </method>
            <method name="(anonymous_3)" hits="0" signature="()V">
              <lines>
                <line number="43" hits="0"/>
              </lines>
            </method>
            <method name="(anonymous_4)" hits="0" signature="()V">
              <lines>
                <line number="45" hits="0"/>
              </lines>
            </method>
            <method name="getChannelHistory" hits="0" signature="()V">
              <lines>
                <line number="56" hits="0"/>
              </lines>
            </method>
            <method name="(anonymous_6)" hits="0" signature="()V">
              <lines>
                <line number="57" hits="0"/>
              </lines>
            </method>
            <method name="(anonymous_7)" hits="0" signature="()V">
              <lines>
                <line number="59" hits="0"/>
              </lines>
            </method>
            <method name="addChannelsToGroup" hits="0" signature="()V">
              <lines>
                <line number="70" hits="0"/>
              </lines>
            </method>
            <method name="(anonymous_9)" hits="0" signature="()V">
              <lines>
                <line number="72" hits="0"/>
              </lines>
            </method>
            <method name="(anonymous_10)" hits="0" signature="()V">
              <lines>
                <line number="75" hits="0"/>
              </lines>
            </method>
            <method name="removeChannelsFromGroup" hits="0" signature="()V">
              <lines>
                <line number="86" hits="0"/>
              </lines>
            </method>
            <method name="(anonymous_12)" hits="0" signature="()V">
              <lines>
                <line number="87" hits="0"/>
              </lines>
            </method>
            <method name="(anonymous_13)" hits="0" signature="()V">
              <lines>
                <line number="90" hits="0"/>
              </lines>
            </method>
            <method name="removeAllChannelsFromGroup" hits="0" signature="()V">
              <lines>
                <line number="104" hits="0"/>
              </lines>
            </method>
            <method name="createChannelGroup" hits="0" signature="()V">
              <lines>
                <line number="116" hits="0"/>
              </lines>
            </method>
            <method name="(anonymous_16)" hits="0" signature="()V">
              <lines>
                <line number="117" hits="0"/>
              </lines>
            </method>
            <method name="(anonymous_17)" hits="0" signature="()V">
              <lines>
                <line number="120" hits="0"/>
              </lines>
            </method>
            <method name="publishToChannel" hits="0" signature="()V">
              <lines>
                <line number="147" hits="0"/>
              </lines>
            </method>
            <method name="(anonymous_19)" hits="0" signature="()V">
              <lines>
                <line number="148" hits="0"/>
              </lines>
            </method>
            <method name="(anonymous_20)" hits="0" signature="()V">
              <lines>
                <line number="150" hits="0"/>
              </lines>
            </method>
            <method name="grantAccess" hits="0" signature="()V">
              <lines>
                <line number="173" hits="0"/>
              </lines>
            </method>
            <method name="(anonymous_22)" hits="0" signature="()V">
              <lines>
                <line number="175" hits="0"/>
              </lines>
            </method>
            <method name="(anonymous_23)" hits="0" signature="()V">
              <lines>
                <line number="176" hits="0"/>
              </lines>
            </method>
          </methods>
          <lines>
            <line number="8" hits="2" branch="false"/>
            <line number="11" hits="0" branch="false"/>
            <line number="12" hits="0" branch="false"/>
            <line number="13" hits="0" branch="true" condition-coverage="0% (0/2)"/>
            <line number="14" hits="0" branch="false"/>
            <line number="17" hits="0" branch="false"/>
            <line number="25" hits="0" branch="false"/>
            <line number="27" hits="0" branch="false"/>
            <line number="31" hits="0" branch="false"/>
            <line number="32" hits="0" branch="false"/>
            <line number="43" hits="0" branch="false"/>
            <line number="44" hits="0" branch="false"/>
            <line number="45" hits="0" branch="false"/>
            <line number="46" hits="0" branch="true" condition-coverage="0% (0/2)"/>
            <line number="47" hits="0" branch="false"/>
            <line number="48" hits="0" branch="false"/>
            <line number="50" hits="0" branch="true" condition-coverage="0% (0/2)"/>
            <line number="57" hits="0" branch="false"/>
            <line number="58" hits="0" branch="false"/>
            <line number="59" hits="0" branch="false"/>
            <line number="60" hits="0" branch="true" condition-coverage="0% (0/2)"/>
            <line number="61" hits="0" branch="false"/>
            <line number="62" hits="0" branch="false"/>
            <line number="64" hits="0" branch="false"/>
            <line number="72" hits="0" branch="false"/>
            <line number="73" hits="0" branch="false"/>
            <line number="74" hits="0" branch="false"/>
            <line number="75" hits="0" branch="false"/>
            <line number="76" hits="0" branch="true" condition-coverage="0% (0/2)"/>
            <line number="77" hits="0" branch="false"/>
            <line number="78" hits="0" branch="false"/>
            <line number="80" hits="0" branch="false"/>
            <line number="87" hits="0" branch="false"/>
            <line number="88" hits="0" branch="false"/>
            <line number="89" hits="0" branch="false"/>
            <line number="90" hits="0" branch="false"/>
            <line number="91" hits="0" branch="true" condition-coverage="0% (0/2)"/>
            <line number="92" hits="0" branch="false"/>
            <line number="93" hits="0" branch="false"/>
            <line number="98" hits="0" branch="false"/>
            <line number="105" hits="0" branch="false"/>
            <line number="107" hits="0" branch="true" condition-coverage="0% (0/4)"/>
            <line number="108" hits="0" branch="false"/>
            <line number="110" hits="0" branch="true" condition-coverage="0% (0/2)"/>
            <line number="111" hits="0" branch="false"/>
            <line number="113" hits="0" branch="false"/>
            <line number="117" hits="0" branch="false"/>
            <line number="118" hits="0" branch="false"/>
            <line number="120" hits="0" branch="false"/>
            <line number="121" hits="0" branch="true" condition-coverage="0% (0/2)"/>
            <line number="122" hits="0" branch="false"/>
            <line number="123" hits="0" branch="false"/>
            <line number="125" hits="0" branch="false"/>
            <line number="131" hits="2" branch="false"/>
            <line number="148" hits="0" branch="false"/>
            <line number="149" hits="0" branch="false"/>
            <line number="150" hits="0" branch="false"/>
            <line number="151" hits="0" branch="true" condition-coverage="0% (0/2)"/>
            <line number="152" hits="0" branch="false"/>
            <line number="153" hits="0" branch="false"/>
            <line number="155" hits="0" branch="false"/>
            <line number="174" hits="0" branch="false"/>
            <line number="175" hits="0" branch="false"/>
            <line number="176" hits="0" branch="false"/>
            <line number="177" hits="0" branch="true" condition-coverage="0% (0/2)"/>
            <line number="178" hits="0" branch="false"/>
            <line number="179" hits="0" branch="false"/>
            <line number="181" hits="0" branch="false"/>
          </lines>
        </class>
      </classes>
    </package>
    <package name="domain.connectors.s3" line-rate="0.16870000000000002" branch-rate="0">
      <classes>
        <class name="S3.js" filename="src/domain/connectors/s3/S3.js" line-rate="0.18969999999999998" branch-rate="0">
          <methods>
            <method name="(anonymous_0)" hits="0" signature="()V">
              <lines>
                <line number="23" hits="0"/>
              </lines>
            </method>
            <method name="(anonymous_1)" hits="0" signature="()V">
              <lines>
                <line number="65" hits="0"/>
              </lines>
            </method>
            <method name="(anonymous_2)" hits="0" signature="()V">
              <lines>
                <line number="66" hits="0"/>
              </lines>
            </method>
            <method name="(anonymous_3)" hits="0" signature="()V">
              <lines>
                <line number="81" hits="0"/>
              </lines>
            </method>
            <method name="(anonymous_4)" hits="0" signature="()V">
              <lines>
                <line number="87" hits="0"/>
              </lines>
            </method>
            <method name="(anonymous_5)" hits="0" signature="()V">
              <lines>
                <line number="93" hits="0"/>
              </lines>
            </method>
            <method name="(anonymous_6)" hits="0" signature="()V">
              <lines>
                <line number="109" hits="0"/>
              </lines>
            </method>
            <method name="(anonymous_7)" hits="0" signature="()V">
              <lines>
                <line number="114" hits="0"/>
              </lines>
            </method>
            <method name="(anonymous_8)" hits="0" signature="()V">
              <lines>
                <line number="115" hits="0"/>
              </lines>
            </method>
            <method name="getSignedUrl" hits="0" signature="()V">
              <lines>
                <line number="122" hits="0"/>
              </lines>
            </method>
            <method name="(anonymous_10)" hits="0" signature="()V">
              <lines>
                <line number="123" hits="0"/>
              </lines>
            </method>
            <method name="(anonymous_11)" hits="0" signature="()V">
              <lines>
                <line number="124" hits="0"/>
              </lines>
            </method>
            <method name="getDownloadParams" hits="0" signature="()V">
              <lines>
                <line number="131" hits="0"/>
              </lines>
            </method>
            <method name="checkFileExists" hits="0" signature="()V">
              <lines>
                <line number="140" hits="0"/>
              </lines>
            </method>
            <method name="(anonymous_14)" hits="0" signature="()V">
              <lines>
                <line number="141" hits="0"/>
              </lines>
            </method>
            <method name="(anonymous_15)" hits="0" signature="()V">
              <lines>
                <line number="142" hits="0"/>
              </lines>
            </method>
          </methods>
          <lines>
            <line number="17" hits="1" branch="false"/>
            <line number="18" hits="1" branch="false"/>
            <line number="19" hits="1" branch="false"/>
            <line number="20" hits="1" branch="false"/>
            <line number="21" hits="1" branch="false"/>
            <line number="23" hits="1" branch="true" condition-coverage="0% (0/1)"/>
            <line number="24" hits="0" branch="false"/>
            <line number="25" hits="0" branch="true" condition-coverage="0% (0/2)"/>
            <line number="28" hits="0" branch="true" condition-coverage="0% (0/2)"/>
            <line number="29" hits="0" branch="true" condition-coverage="0% (0/3)"/>
            <line number="30" hits="0" branch="false"/>
            <line number="31" hits="0" branch="true" condition-coverage="0% (0/3)"/>
            <line number="32" hits="0" branch="true" condition-coverage="0% (0/3)"/>
            <line number="34" hits="0" branch="false"/>
            <line number="35" hits="0" branch="false"/>
            <line number="37" hits="0" branch="false"/>
            <line number="39" hits="0" branch="false"/>
            <line number="60" hits="0" branch="true" condition-coverage="0% (0/2)"/>
            <line number="61" hits="0" branch="false"/>
            <line number="62" hits="0" branch="false"/>
            <line number="65" hits="0" branch="false"/>
            <line number="66" hits="0" branch="false"/>
            <line number="67" hits="0" branch="true" condition-coverage="0% (0/2)"/>
            <line number="68" hits="0" branch="false"/>
            <line number="70" hits="0" branch="false"/>
            <line number="81" hits="1" branch="true" condition-coverage="0% (0/1)"/>
            <line number="82" hits="0" branch="false"/>
            <line number="85" hits="1" branch="false"/>
            <line number="86" hits="1" branch="false"/>
            <line number="87" hits="1" branch="true" condition-coverage="0% (0/1)"/>
            <line number="88" hits="0" branch="false"/>
            <line number="89" hits="0" branch="false"/>
            <line number="91" hits="0" branch="false"/>
            <line number="93" hits="0" branch="false"/>
            <line number="94" hits="0" branch="false"/>
            <line number="95" hits="0" branch="false"/>
            <line number="96" hits="0" branch="false"/>
            <line number="98" hits="0" branch="true" condition-coverage="0% (0/2)"/>
            <line number="99" hits="0" branch="false"/>
            <line number="102" hits="0" branch="false"/>
            <line number="105" hits="0" branch="true" condition-coverage="0% (0/2)"/>
            <line number="109" hits="1" branch="false"/>
            <line number="110" hits="0" branch="false"/>
            <line number="114" hits="0" branch="false"/>
            <line number="115" hits="0" branch="false"/>
            <line number="116" hits="0" branch="true" condition-coverage="0% (0/2)"/>
            <line number="117" hits="0" branch="false"/>
            <line number="123" hits="0" branch="false"/>
            <line number="124" hits="0" branch="false"/>
            <line number="125" hits="0" branch="true" condition-coverage="0% (0/2)"/>
            <line number="126" hits="0" branch="false"/>
            <line number="132" hits="0" branch="true" condition-coverage="0% (0/3)"/>
            <line number="133" hits="0" branch="false"/>
            <line number="141" hits="0" branch="false"/>
            <line number="142" hits="0" branch="false"/>
            <line number="143" hits="0" branch="true" condition-coverage="0% (0/2)"/>
            <line number="144" hits="0" branch="false"/>
            <line number="146" hits="0" branch="false"/>
          </lines>
        </class>
        <class name="index.js" filename="src/domain/connectors/s3/index.js" line-rate="0.12" branch-rate="0">
          <methods>
            <method name="(anonymous_0)" hits="0" signature="()V">
              <lines>
                <line number="8" hits="0"/>
              </lines>
            </method>
            <method name="connectS3" hits="0" signature="()V">
              <lines>
                <line number="18" hits="0"/>
              </lines>
            </method>
          </methods>
          <lines>
            <line number="6" hits="1" branch="false"/>
            <line number="8" hits="1" branch="false"/>
            <line number="9" hits="0" branch="true" condition-coverage="0% (0/2)"/>
            <line number="13" hits="1" branch="false"/>
            <line number="19" hits="0" branch="true" condition-coverage="0% (0/2)"/>
            <line number="20" hits="0" branch="false"/>
            <line number="22" hits="0" branch="false"/>
            <line number="28" hits="0" branch="false"/>
            <line number="29" hits="0" branch="false"/>
            <line number="30" hits="0" branch="false"/>
            <line number="34" hits="0" branch="false"/>
            <line number="39" hits="0" branch="false"/>
            <line number="43" hits="0" branch="false"/>
            <line number="44" hits="0" branch="false"/>
            <line number="45" hits="0" branch="false"/>
            <line number="49" hits="0" branch="false"/>
            <line number="54" hits="0" branch="false"/>
            <line number="58" hits="0" branch="false"/>
            <line number="59" hits="0" branch="false"/>
            <line number="60" hits="0" branch="false"/>
            <line number="64" hits="0" branch="false"/>
            <line number="69" hits="0" branch="false"/>
            <line number="73" hits="0" branch="false"/>
            <line number="74" hits="0" branch="false"/>
            <line number="75" hits="0" branch="false"/>
          </lines>
        </class>
      </classes>
    </package>
    <package name="domain.connectors.s3.buckets" line-rate="1" branch-rate="1">
      <classes>
        <class name="files-processed.js" filename="src/domain/connectors/s3/buckets/files-processed.js" line-rate="1" branch-rate="1">
          <methods>
          </methods>
          <lines>
            <line number="1" hits="1" branch="false"/>
          </lines>
        </class>
        <class name="files-upload.js" filename="src/domain/connectors/s3/buckets/files-upload.js" line-rate="1" branch-rate="1">
          <methods>
          </methods>
          <lines>
            <line number="1" hits="1" branch="false"/>
          </lines>
        </class>
        <class name="images-processed.js" filename="src/domain/connectors/s3/buckets/images-processed.js" line-rate="1" branch-rate="1">
          <methods>
          </methods>
          <lines>
            <line number="2" hits="1" branch="false"/>
          </lines>
        </class>
        <class name="images-upload.js" filename="src/domain/connectors/s3/buckets/images-upload.js" line-rate="1" branch-rate="1">
          <methods>
          </methods>
          <lines>
            <line number="2" hits="1" branch="false"/>
          </lines>
        </class>
        <class name="index.js" filename="src/domain/connectors/s3/buckets/index.js" line-rate="1" branch-rate="1">
          <methods>
          </methods>
          <lines>
          </lines>
        </class>
      </classes>
    </package>
    <package name="domain.data" line-rate="0.0278" branch-rate="0">
      <classes>
        <class name="DataManager.js" filename="src/domain/data/DataManager.js" line-rate="0.0278" branch-rate="0">
          <methods>
            <method name="DataManager" hits="22" signature="()V">
              <lines>
                <line number="10" hits="22"/>
              </lines>
            </method>
            <method name="(anonymous_1)" hits="0" signature="()V">
              <lines>
                <line number="17" hits="0"/>
              </lines>
            </method>
            <method name="(anonymous_2)" hits="0" signature="()V">
              <lines>
                <line number="20" hits="0"/>
              </lines>
            </method>
            <method name="(anonymous_3)" hits="0" signature="()V">
              <lines>
                <line number="23" hits="0"/>
              </lines>
            </method>
            <method name="(anonymous_4)" hits="0" signature="()V">
              <lines>
                <line number="26" hits="0"/>
              </lines>
            </method>
            <method name="(anonymous_5)" hits="0" signature="()V">
              <lines>
                <line number="42" hits="0"/>
              </lines>
            </method>
            <method name="(anonymous_6)" hits="0" signature="()V">
              <lines>
                <line number="57" hits="0"/>
              </lines>
            </method>
            <method name="(anonymous_7)" hits="0" signature="()V">
              <lines>
                <line number="85" hits="0"/>
              </lines>
            </method>
            <method name="(anonymous_8)" hits="0" signature="()V">
              <lines>
                <line number="102" hits="0"/>
              </lines>
            </method>
            <method name="(anonymous_9)" hits="0" signature="()V">
              <lines>
                <line number="111" hits="0"/>
              </lines>
            </method>
            <method name="(anonymous_10)" hits="0" signature="()V">
              <lines>
                <line number="134" hits="0"/>
              </lines>
            </method>
            <method name="(anonymous_11)" hits="0" signature="()V">
              <lines>
                <line number="149" hits="0"/>
              </lines>
            </method>
            <method name="(anonymous_12)" hits="0" signature="()V">
              <lines>
                <line number="163" hits="0"/>
              </lines>
            </method>
            <method name="(anonymous_13)" hits="0" signature="()V">
              <lines>
                <line number="185" hits="0"/>
              </lines>
            </method>
            <method name="(anonymous_14)" hits="0" signature="()V">
              <lines>
                <line number="199" hits="0"/>
              </lines>
            </method>
            <method name="(anonymous_15)" hits="0" signature="()V">
              <lines>
                <line number="254" hits="0"/>
              </lines>
            </method>
            <method name="(anonymous_16)" hits="0" signature="()V">
              <lines>
                <line number="301" hits="0"/>
              </lines>
            </method>
            <method name="(anonymous_17)" hits="0" signature="()V">
              <lines>
                <line number="347" hits="0"/>
              </lines>
            </method>
            <method name="(anonymous_18)" hits="0" signature="()V">
              <lines>
                <line number="389" hits="0"/>
              </lines>
            </method>
            <method name="(anonymous_19)" hits="0" signature="()V">
              <lines>
                <line number="412" hits="0"/>
              </lines>
            </method>
            <method name="(anonymous_20)" hits="0" signature="()V">
              <lines>
                <line number="438" hits="0"/>
              </lines>
            </method>
            <method name="(anonymous_21)" hits="0" signature="()V">
              <lines>
                <line number="448" hits="0"/>
              </lines>
            </method>
            <method name="(anonymous_22)" hits="0" signature="()V">
              <lines>
                <line number="481" hits="0"/>
              </lines>
            </method>
          </methods>
          <lines>
            <line number="17" hits="22" branch="false"/>
            <line number="18" hits="0" branch="true" condition-coverage="0% (0/2)"/>
            <line number="20" hits="22" branch="false"/>
            <line number="21" hits="0" branch="true" condition-coverage="0% (0/2)"/>
            <line number="23" hits="22" branch="false"/>
            <line number="24" hits="0" branch="true" condition-coverage="0% (0/2)"/>
            <line number="26" hits="22" branch="false"/>
            <line number="27" hits="0" branch="true" condition-coverage="0% (0/2)"/>
            <line number="28" hits="0" branch="false"/>
            <line number="29" hits="0" branch="false"/>
            <line number="31" hits="0" branch="false"/>
            <line number="34" hits="22" branch="false"/>
            <line number="43" hits="0" branch="false"/>
            <line number="45" hits="0" branch="true" condition-coverage="0% (0/2)"/>
            <line number="46" hits="0" branch="false"/>
            <line number="49" hits="0" branch="false"/>
            <line number="50" hits="0" branch="false"/>
            <line number="51" hits="0" branch="false"/>
            <line number="53" hits="0" branch="true" condition-coverage="0% (0/2)"/>
            <line number="54" hits="0" branch="false"/>
            <line number="57" hits="0" branch="false"/>
            <line number="59" hits="0" branch="false"/>
            <line number="60" hits="0" branch="false"/>
            <line number="63" hits="0" branch="true" condition-coverage="0% (0/2)"/>
            <line number="64" hits="0" branch="false"/>
            <line number="67" hits="0" branch="false"/>
            <line number="71" hits="0" branch="true" condition-coverage="0% (0/2)"/>
            <line number="72" hits="0" branch="false"/>
            <line number="73" hits="0" branch="false"/>
            <line number="76" hits="0" branch="false"/>
            <line number="86" hits="0" branch="true" condition-coverage="0% (0/2)"/>
            <line number="87" hits="0" branch="true" condition-coverage="0% (0/2)"/>
            <line number="89" hits="0" branch="true" condition-coverage="0% (0/2)"/>
            <line number="90" hits="0" branch="false"/>
            <line number="93" hits="0" branch="false"/>
            <line number="94" hits="0" branch="true" condition-coverage="0% (0/2)"/>
            <line number="95" hits="0" branch="true" condition-coverage="0% (0/2)"/>
            <line number="96" hits="0" branch="true" condition-coverage="0% (0/2)"/>
            <line number="98" hits="0" branch="false"/>
            <line number="102" hits="0" branch="false"/>
            <line number="112" hits="0" branch="true" condition-coverage="0% (0/2)"/>
            <line number="113" hits="0" branch="true" condition-coverage="0% (0/2)"/>
            <line number="115" hits="0" branch="true" condition-coverage="0% (0/2)"/>
            <line number="116" hits="0" branch="false"/>
            <line number="119" hits="0" branch="false"/>
            <line number="120" hits="0" branch="true" condition-coverage="0% (0/2)"/>
            <line number="121" hits="0" branch="true" condition-coverage="0% (0/2)"/>
            <line number="123" hits="0" branch="false"/>
            <line number="135" hits="0" branch="true" condition-coverage="0% (0/2)"/>
            <line number="136" hits="0" branch="true" condition-coverage="0% (0/2)"/>
            <line number="138" hits="0" branch="true" condition-coverage="0% (0/2)"/>
            <line number="139" hits="0" branch="false"/>
            <line number="142" hits="0" branch="false"/>
            <line number="143" hits="0" branch="true" condition-coverage="0% (0/2)"/>
            <line number="145" hits="0" branch="false"/>
            <line number="150" hits="0" branch="false"/>
            <line number="151" hits="0" branch="true" condition-coverage="0% (0/2)"/>
            <line number="164" hits="0" branch="true" condition-coverage="0% (0/2)"/>
            <line number="166" hits="0" branch="true" condition-coverage="0% (0/2)"/>
            <line number="167" hits="0" branch="false"/>
            <line number="170" hits="0" branch="false"/>
            <line number="171" hits="0" branch="true" condition-coverage="0% (0/2)"/>
            <line number="172" hits="0" branch="false"/>
            <line number="174" hits="0" branch="false"/>
            <line number="187" hits="0" branch="false"/>
            <line number="188" hits="0" branch="false"/>
            <line number="200" hits="0" branch="true" condition-coverage="0% (0/2)"/>
            <line number="201" hits="0" branch="false"/>
            <line number="203" hits="0" branch="true" condition-coverage="0% (0/4)"/>
            <line number="204" hits="0" branch="false"/>
            <line number="206" hits="0" branch="false"/>
            <line number="207" hits="0" branch="true" condition-coverage="0% (0/4)"/>
            <line number="209" hits="0" branch="true" condition-coverage="0% (0/2)"/>
            <line number="210" hits="0" branch="false"/>
            <line number="214" hits="0" branch="false"/>
            <line number="216" hits="0" branch="true" condition-coverage="0% (0/2)"/>
            <line number="218" hits="0" branch="false"/>
            <line number="221" hits="0" branch="true" condition-coverage="0% (0/5)"/>
            <line number="222" hits="0" branch="false"/>
            <line number="223" hits="0" branch="false"/>
            <line number="227" hits="0" branch="false"/>
            <line number="229" hits="0" branch="false"/>
            <line number="239" hits="0" branch="true" condition-coverage="0% (0/2)"/>
            <line number="240" hits="0" branch="false"/>
            <line number="241" hits="0" branch="false"/>
            <line number="242" hits="0" branch="false"/>
            <line number="243" hits="0" branch="false"/>
            <line number="245" hits="0" branch="false"/>
            <line number="255" hits="0" branch="true" condition-coverage="0% (0/2)"/>
            <line number="256" hits="0" branch="true" condition-coverage="0% (0/4)"/>
            <line number="258" hits="0" branch="true" condition-coverage="0% (0/2)"/>
            <line number="259" hits="0" branch="false"/>
            <line number="262" hits="0" branch="true" condition-coverage="0% (0/4)"/>
            <line number="263" hits="0" branch="false"/>
            <line number="264" hits="0" branch="false"/>
            <line number="268" hits="0" branch="false"/>
            <line number="270" hits="0" branch="false"/>
            <line number="271" hits="0" branch="false"/>
            <line number="273" hits="0" branch="false"/>
            <line number="282" hits="0" branch="true" condition-coverage="0% (0/2)"/>
            <line number="283" hits="0" branch="false"/>
            <line number="284" hits="0" branch="false"/>
            <line number="285" hits="0" branch="false"/>
            <line number="286" hits="0" branch="false"/>
            <line number="287" hits="0" branch="false"/>
            <line number="288" hits="0" branch="false"/>
            <line number="291" hits="0" branch="false"/>
            <line number="302" hits="0" branch="true" condition-coverage="0% (0/2)"/>
            <line number="303" hits="0" branch="true" condition-coverage="0% (0/2)"/>
            <line number="304" hits="0" branch="false"/>
            <line number="306" hits="0" branch="true" condition-coverage="0% (0/2)"/>
            <line number="307" hits="0" branch="false"/>
            <line number="314" hits="0" branch="true" condition-coverage="0% (0/5)"/>
            <line number="315" hits="0" branch="false"/>
            <line number="316" hits="0" branch="false"/>
            <line number="321" hits="0" branch="false"/>
            <line number="322" hits="0" branch="false"/>
            <line number="324" hits="0" branch="true" condition-coverage="0% (0/2)"/>
            <line number="325" hits="0" branch="false"/>
            <line number="328" hits="0" branch="false"/>
            <line number="332" hits="0" branch="true" condition-coverage="0% (0/2)"/>
            <line number="333" hits="0" branch="false"/>
            <line number="334" hits="0" branch="false"/>
            <line number="335" hits="0" branch="false"/>
            <line number="337" hits="0" branch="false"/>
            <line number="348" hits="0" branch="true" condition-coverage="0% (0/4)"/>
            <line number="350" hits="0" branch="true" condition-coverage="0% (0/2)"/>
            <line number="351" hits="0" branch="true" condition-coverage="0% (0/2)"/>
            <line number="352" hits="0" branch="false"/>
            <line number="355" hits="0" branch="true" condition-coverage="0% (0/2)"/>
            <line number="356" hits="0" branch="false"/>
            <line number="359" hits="0" branch="false"/>
            <line number="361" hits="0" branch="false"/>
            <line number="362" hits="0" branch="false"/>
            <line number="364" hits="0" branch="false"/>
            <line number="365" hits="0" branch="true" condition-coverage="0% (0/2)"/>
            <line number="366" hits="0" branch="false"/>
            <line number="368" hits="0" branch="false"/>
            <line number="371" hits="0" branch="false"/>
            <line number="375" hits="0" branch="true" condition-coverage="0% (0/2)"/>
            <line number="377" hits="0" branch="false"/>
            <line number="379" hits="0" branch="false"/>
            <line number="390" hits="0" branch="true" condition-coverage="0% (0/2)"/>
            <line number="391" hits="0" branch="false"/>
            <line number="392" hits="0" branch="false"/>
            <line number="394" hits="0" branch="true" condition-coverage="0% (0/2)"/>
            <line number="395" hits="0" branch="false"/>
            <line number="398" hits="0" branch="false"/>
            <line number="400" hits="0" branch="false"/>
            <line number="413" hits="0" branch="true" condition-coverage="0% (0/2)"/>
            <line number="415" hits="0" branch="true" condition-coverage="0% (0/2)"/>
            <line number="416" hits="0" branch="false"/>
            <line number="419" hits="0" branch="false"/>
            <line number="420" hits="0" branch="false"/>
            <line number="421" hits="0" branch="false"/>
            <line number="423" hits="0" branch="false"/>
            <line number="426" hits="0" branch="true" condition-coverage="0% (0/2)"/>
            <line number="427" hits="0" branch="false"/>
            <line number="439" hits="0" branch="true" condition-coverage="0% (0/2)"/>
            <line number="440" hits="0" branch="false"/>
            <line number="441" hits="0" branch="false"/>
            <line number="447" hits="0" branch="true" condition-coverage="0% (0/2)"/>
            <line number="448" hits="0" branch="false"/>
            <line number="450" hits="0" branch="false"/>
            <line number="451" hits="0" branch="false"/>
            <line number="454" hits="0" branch="true" condition-coverage="0% (0/2)"/>
            <line number="455" hits="0" branch="false"/>
            <line number="459" hits="0" branch="false"/>
            <line number="463" hits="0" branch="true" condition-coverage="0% (0/2)"/>
            <line number="464" hits="0" branch="false"/>
            <line number="467" hits="0" branch="true" condition-coverage="0% (0/2)"/>
            <line number="468" hits="0" branch="true" condition-coverage="0% (0/2)"/>
            <line number="469" hits="0" branch="false"/>
            <line number="470" hits="0" branch="false"/>
            <line number="471" hits="0" branch="false"/>
            <line number="472" hits="0" branch="false"/>
            <line number="474" hits="0" branch="false"/>
            <line number="477" hits="0" branch="false"/>
            <line number="482" hits="0" branch="false"/>
            <line number="483" hits="0" branch="false"/>
          </lines>
        </class>
      </classes>
    </package>
    <package name="domain.data.Assessment" line-rate="1" branch-rate="1">
      <classes>
        <class name="AssessmentDM.js" filename="src/domain/data/Assessment/AssessmentDM.js" line-rate="1" branch-rate="1">
          <methods>
          </methods>
          <lines>
            <line number="7" hits="2" branch="false"/>
          </lines>
        </class>
      </classes>
    </package>
    <package name="domain.data.EnrolledProgram" line-rate="1" branch-rate="1">
      <classes>
        <class name="EnrolledProgramDM.js" filename="src/domain/data/EnrolledProgram/EnrolledProgramDM.js" line-rate="1" branch-rate="1">
          <methods>
          </methods>
          <lines>
            <line number="7" hits="2" branch="false"/>
            <line number="8" hits="2" branch="false"/>
          </lines>
        </class>
      </classes>
    </package>
    <package name="domain.data.Organization" line-rate="1" branch-rate="1">
      <classes>
        <class name="OrganizationDM.js" filename="src/domain/data/Organization/OrganizationDM.js" line-rate="1" branch-rate="1">
          <methods>
          </methods>
          <lines>
          </lines>
        </class>
      </classes>
    </package>
    <package name="domain.data.Redis" line-rate="0.0707" branch-rate="0.042300000000000004">
      <classes>
        <class name="RedisDAL.js" filename="src/domain/data/Redis/RedisDAL.js" line-rate="1" branch-rate="1">
          <methods>
          </methods>
          <lines>
          </lines>
        </class>
        <class name="_expiration.js" filename="src/domain/data/Redis/_expiration.js" line-rate="0.16670000000000001" branch-rate="0.11109999999999999">
          <methods>
            <method name="getExpirationTime" hits="0" signature="()V">
              <lines>
                <line number="36" hits="0"/>
              </lines>
            </method>
          </methods>
          <lines>
            <line number="16" hits="2" branch="false"/>
            <line number="17" hits="2" branch="false"/>
            <line number="38" hits="0" branch="true" condition-coverage="0% (0/2)"/>
            <line number="39" hits="0" branch="true" condition-coverage="0% (0/2)"/>
            <line number="40" hits="0" branch="true" condition-coverage="0% (0/2)"/>
            <line number="41" hits="0" branch="false"/>
            <line number="42" hits="0" branch="true" condition-coverage="0% (0/2)"/>
            <line number="43" hits="0" branch="false"/>
            <line number="48" hits="0" branch="true" condition-coverage="0% (0/3)"/>
            <line number="49" hits="0" branch="true" condition-coverage="0% (0/5)"/>
            <line number="50" hits="0" branch="false"/>
            <line number="52" hits="0" branch="false"/>
          </lines>
        </class>
        <class name="_redisUtils.js" filename="src/domain/data/Redis/_redisUtils.js" line-rate="0.0667" branch-rate="0">
          <methods>
            <method name="(anonymous_0)" hits="0" signature="()V">
              <lines>
                <line number="11" hits="0"/>
              </lines>
            </method>
            <method name="(anonymous_1)" hits="0" signature="()V">
              <lines>
                <line number="13" hits="0"/>
              </lines>
            </method>
            <method name="(anonymous_2)" hits="0" signature="()V">
              <lines>
                <line number="14" hits="0"/>
              </lines>
            </method>
            <method name="(anonymous_3)" hits="0" signature="()V">
              <lines>
                <line number="24" hits="0"/>
              </lines>
            </method>
            <method name="(anonymous_4)" hits="0" signature="()V">
              <lines>
                <line number="40" hits="0"/>
              </lines>
            </method>
            <method name="(anonymous_5)" hits="0" signature="()V">
              <lines>
                <line number="50" hits="0"/>
              </lines>
            </method>
            <method name="(anonymous_6)" hits="0" signature="()V">
              <lines>
                <line number="52" hits="0"/>
              </lines>
            </method>
          </methods>
          <lines>
            <line number="11" hits="2" branch="false"/>
            <line number="12" hits="0" branch="false"/>
            <line number="13" hits="0" branch="false"/>
            <line number="14" hits="0" branch="false"/>
            <line number="15" hits="0" branch="false"/>
            <line number="16" hits="0" branch="true" condition-coverage="0% (0/4)"/>
            <line number="17" hits="0" branch="true" condition-coverage="0% (0/2)"/>
            <line number="18" hits="0" branch="false"/>
            <line number="19" hits="0" branch="true" condition-coverage="0% (0/2)"/>
            <line number="20" hits="0" branch="false"/>
            <line number="21" hits="0" branch="true" condition-coverage="0% (0/2)"/>
            <line number="22" hits="0" branch="true" condition-coverage="0% (0/2)"/>
            <line number="23" hits="0" branch="false"/>
            <line number="24" hits="0" branch="true" condition-coverage="0% (0/4)"/>
            <line number="25" hits="0" branch="false"/>
            <line number="28" hits="0" branch="false"/>
            <line number="34" hits="0" branch="true" condition-coverage="0% (0/2)"/>
            <line number="35" hits="0" branch="false"/>
            <line number="37" hits="0" branch="false"/>
            <line number="39" hits="0" branch="false"/>
            <line number="40" hits="0" branch="false"/>
            <line number="42" hits="0" branch="true" condition-coverage="0% (0/2)"/>
            <line number="43" hits="0" branch="false"/>
            <line number="47" hits="0" branch="false"/>
            <line number="50" hits="2" branch="false"/>
            <line number="51" hits="0" branch="true" condition-coverage="0% (0/2)"/>
            <line number="52" hits="0" branch="false"/>
            <line number="53" hits="0" branch="true" condition-coverage="0% (0/2)"/>
            <line number="56" hits="0" branch="false"/>
            <line number="60" hits="0" branch="false"/>
          </lines>
        </class>
        <class name="createRedisDAL.js" filename="src/domain/data/Redis/createRedisDAL.js" line-rate="0.0526" branch-rate="0.0345">
          <methods>
            <method name="(anonymous_0)" hits="0" signature="()V">
              <lines>
                <line number="13" hits="0"/>
              </lines>
            </method>
            <method name="createRedisDAL" hits="2" signature="()V">
              <lines>
                <line number="22" hits="2"/>
              </lines>
            </method>
            <method name="(anonymous_2)" hits="0" signature="()V">
              <lines>
                <line number="29" hits="0"/>
              </lines>
            </method>
            <method name="(anonymous_3)" hits="0" signature="()V">
              <lines>
                <line number="30" hits="0"/>
              </lines>
            </method>
            <method name="(anonymous_4)" hits="0" signature="()V">
              <lines>
                <line number="31" hits="0"/>
              </lines>
            </method>
            <method name="(anonymous_5)" hits="0" signature="()V">
              <lines>
                <line number="38" hits="0"/>
              </lines>
            </method>
            <method name="(anonymous_6)" hits="0" signature="()V">
              <lines>
                <line number="40" hits="0"/>
              </lines>
            </method>
            <method name="(anonymous_7)" hits="0" signature="()V">
              <lines>
                <line number="41" hits="0"/>
              </lines>
            </method>
            <method name="(anonymous_8)" hits="0" signature="()V">
              <lines>
                <line number="52" hits="0"/>
              </lines>
            </method>
            <method name="(anonymous_9)" hits="0" signature="()V">
              <lines>
                <line number="55" hits="0"/>
              </lines>
            </method>
            <method name="(anonymous_10)" hits="0" signature="()V">
              <lines>
                <line number="56" hits="0"/>
              </lines>
            </method>
            <method name="(anonymous_11)" hits="0" signature="()V">
              <lines>
                <line number="68" hits="0"/>
              </lines>
            </method>
            <method name="(anonymous_12)" hits="0" signature="()V">
              <lines>
                <line number="74" hits="0"/>
              </lines>
            </method>
            <method name="(anonymous_13)" hits="0" signature="()V">
              <lines>
                <line number="81" hits="0"/>
              </lines>
            </method>
            <method name="(anonymous_14)" hits="0" signature="()V">
              <lines>
                <line number="92" hits="0"/>
              </lines>
            </method>
            <method name="(anonymous_15)" hits="0" signature="()V">
              <lines>
                <line number="94" hits="0"/>
              </lines>
            </method>
            <method name="(anonymous_16)" hits="0" signature="()V">
              <lines>
                <line number="95" hits="0"/>
              </lines>
            </method>
            <method name="(anonymous_17)" hits="0" signature="()V">
              <lines>
                <line number="112" hits="0"/>
              </lines>
            </method>
            <method name="(anonymous_18)" hits="0" signature="()V">
              <lines>
                <line number="123" hits="0"/>
              </lines>
            </method>
          </methods>
          <lines>
            <line number="13" hits="2" branch="false"/>
            <line number="14" hits="0" branch="true" condition-coverage="0% (0/2)"/>
            <line number="15" hits="0" branch="false"/>
            <line number="16" hits="0" branch="true" condition-coverage="0% (0/5)"/>
            <line number="17" hits="0" branch="true" condition-coverage="0% (0/2)"/>
            <line number="19" hits="0" branch="false"/>
            <line number="23" hits="2" branch="true" condition-coverage="50% (1/2)"/>
            <line number="24" hits="0" branch="false"/>
            <line number="27" hits="2" branch="false"/>
            <line number="30" hits="0" branch="false"/>
            <line number="32" hits="0" branch="false"/>
            <line number="39" hits="0" branch="false"/>
            <line number="40" hits="0" branch="false"/>
            <line number="41" hits="0" branch="false"/>
            <line number="42" hits="0" branch="true" condition-coverage="0% (0/2)"/>
            <line number="43" hits="0" branch="false"/>
            <line number="45" hits="0" branch="false"/>
            <line number="53" hits="0" branch="false"/>
            <line number="55" hits="0" branch="false"/>
            <line number="56" hits="0" branch="false"/>
            <line number="57" hits="0" branch="true" condition-coverage="0% (0/2)"/>
            <line number="59" hits="0" branch="false"/>
            <line number="61" hits="0" branch="false"/>
            <line number="69" hits="0" branch="false"/>
            <line number="70" hits="0" branch="false"/>
            <line number="76" hits="0" branch="false"/>
            <line number="77" hits="0" branch="false"/>
            <line number="82" hits="0" branch="false"/>
            <line number="83" hits="0" branch="false"/>
            <line number="84" hits="0" branch="false"/>
            <line number="85" hits="0" branch="true" condition-coverage="0% (0/2)"/>
            <line number="86" hits="0" branch="false"/>
            <line number="88" hits="0" branch="false"/>
            <line number="93" hits="0" branch="false"/>
            <line number="94" hits="0" branch="false"/>
            <line number="95" hits="0" branch="false"/>
            <line number="96" hits="0" branch="true" condition-coverage="0% (0/2)"/>
            <line number="97" hits="0" branch="false"/>
            <line number="99" hits="0" branch="true" condition-coverage="0% (0/2)"/>
            <line number="100" hits="0" branch="false"/>
            <line number="101" hits="0" branch="true" condition-coverage="0% (0/2)"/>
            <line number="102" hits="0" branch="false"/>
            <line number="105" hits="0" branch="false"/>
            <line number="113" hits="0" branch="false"/>
            <line number="114" hits="0" branch="false"/>
            <line number="115" hits="0" branch="false"/>
            <line number="116" hits="0" branch="true" condition-coverage="0% (0/2)"/>
            <line number="117" hits="0" branch="false"/>
            <line number="119" hits="0" branch="false"/>
            <line number="124" hits="0" branch="false"/>
            <line number="125" hits="0" branch="false"/>
            <line number="127" hits="0" branch="true" condition-coverage="0% (0/2)"/>
            <line number="128" hits="0" branch="false"/>
            <line number="130" hits="0" branch="false"/>
            <line number="131" hits="0" branch="true" condition-coverage="0% (0/2)"/>
            <line number="132" hits="0" branch="false"/>
            <line number="134" hits="0" branch="false"/>
          </lines>
        </class>
      </classes>
    </package>
    <package name="domain.data.Result" line-rate="0.6470999999999999" branch-rate="0">
      <classes>
        <class name="ResultDM.js" filename="src/domain/data/Result/ResultDM.js" line-rate="0.6470999999999999" branch-rate="0">
          <methods>
            <method name="(anonymous_0)" hits="0" signature="()V">
              <lines>
                <line number="10" hits="0"/>
              </lines>
            </method>
          </methods>
          <lines>
            <line number="7" hits="2" branch="false"/>
            <line number="8" hits="2" branch="false"/>
            <line number="10" hits="2" branch="false"/>
            <line number="11" hits="0" branch="true" condition-coverage="0% (0/4)"/>
            <line number="12" hits="0" branch="false"/>
            <line number="14" hits="0" branch="true" condition-coverage="0% (0/2)"/>
            <line number="16" hits="0" branch="false"/>
            <line number="18" hits="0" branch="true" condition-coverage="0% (0/2)"/>
            <line number="19" hits="0" branch="false"/>
            <line number="23" hits="2" branch="false"/>
            <line number="30" hits="2" branch="false"/>
            <line number="37" hits="2" branch="false"/>
            <line number="44" hits="2" branch="false"/>
            <line number="51" hits="2" branch="false"/>
            <line number="58" hits="2" branch="false"/>
            <line number="65" hits="2" branch="false"/>
            <line number="72" hits="2" branch="false"/>
          </lines>
        </class>
      </classes>
    </package>
    <package name="domain.entities" line-rate="0.7879" branch-rate="0">
      <classes>
        <class name="AlertSchemas.js" filename="src/domain/entities/AlertSchemas.js" line-rate="0.44439999999999996" branch-rate="0">
          <methods>
            <method name="(anonymous_0)" hits="0" signature="()V">
              <lines>
                <line number="40" hits="0"/>
              </lines>
            </method>
            <method name="(anonymous_1)" hits="0" signature="()V">
              <lines>
                <line number="42" hits="0"/>
              </lines>
            </method>
            <method name="(anonymous_2)" hits="16" signature="()V">
              <lines>
                <line number="97" hits="16"/>
              </lines>
            </method>
          </methods>
          <lines>
            <line number="12" hits="2" branch="false"/>
            <line number="21" hits="2" branch="false"/>
            <line number="26" hits="2" branch="false"/>
            <line number="40" hits="2" branch="false"/>
            <line number="41" hits="0" branch="true" condition-coverage="0% (0/4)"/>
            <line number="42" hits="0" branch="false"/>
            <line number="43" hits="0" branch="true" condition-coverage="0% (0/4)"/>
            <line number="45" hits="0" branch="false"/>
            <line number="46" hits="0" branch="false"/>
            <line number="47" hits="0" branch="false"/>
            <line number="48" hits="0" branch="false"/>
            <line number="50" hits="0" branch="true" condition-coverage="0% (0/2)"/>
            <line number="52" hits="0" branch="false"/>
            <line number="55" hits="0" branch="false"/>
            <line number="58" hits="2" branch="false"/>
            <line number="69" hits="2" branch="false"/>
            <line number="88" hits="2" branch="false"/>
            <line number="97" hits="16" branch="false"/>
          </lines>
        </class>
        <class name="AssessmentFilledModel.js" filename="src/domain/entities/AssessmentFilledModel.js" line-rate="0.4545" branch-rate="0">
          <methods>
            <method name="checkHealthCondition" hits="0" signature="()V">
              <lines>
                <line number="82" hits="0"/>
              </lines>
            </method>
          </methods>
          <lines>
            <line number="17" hits="2" branch="false"/>
            <line number="20" hits="2" branch="false"/>
            <line number="25" hits="2" branch="false"/>
            <line number="79" hits="2" branch="false"/>
            <line number="80" hits="2" branch="false"/>
            <line number="83" hits="0" branch="false"/>
            <line number="85" hits="0" branch="true" condition-coverage="0% (0/4)"/>
            <line number="86" hits="0" branch="false"/>
[...]
            <line number="387" hits="2" branch="false"/>
            <line number="389" hits="2" branch="false"/>
            <line number="397" hits="2" branch="false"/>
            <line number="405" hits="2" branch="false"/>
            <line number="436" hits="2" branch="false"/>
            <line number="467" hits="2" branch="false"/>
            <line number="498" hits="2" branch="false"/>
            <line number="503" hits="2" branch="false"/>
            <line number="508" hits="2" branch="false"/>
            <line number="509" hits="2" branch="false"/>
            <line number="511" hits="2" branch="false"/>
            <line number="515" hits="2" branch="false"/>
            <line number="577" hits="2" branch="false"/>
            <line number="584" hits="2" branch="true" condition-coverage="100% (2/2)"/>
            <line number="586" hits="2" branch="false"/>
            <line number="592" hits="2" branch="false"/>
            <line number="597" hits="2" branch="false"/>
            <line number="604" hits="2" branch="false"/>
            <line number="608" hits="2" branch="false"/>
            <line number="613" hits="2" branch="false"/>
            <line number="619" hits="2" branch="false"/>
            <line number="625" hits="2" branch="false"/>
            <line number="631" hits="2" branch="false"/>
            <line number="635" hits="2" branch="false"/>
            <line number="639" hits="2" branch="false"/>
            <line number="645" hits="2" branch="false"/>
            <line number="650" hits="2" branch="false"/>
            <line number="659" hits="2" branch="false"/>
          </lines>
        </class>
        <class name="models.js" filename="src/lib/models.js" line-rate="0.6" branch-rate="0.16670000000000001">
          <methods>
            <method name="(anonymous_0)" hits="83" signature="()V">
              <lines>
                <line number="116" hits="83"/>
              </lines>
            </method>
            <method name="(anonymous_1)" hits="83" signature="()V">
              <lines>
                <line number="122" hits="83"/>
              </lines>
            </method>
            <method name="(anonymous_2)" hits="52" signature="()V">
              <lines>
                <line number="126" hits="52"/>
              </lines>
            </method>
            <method name="(anonymous_3)" hits="0" signature="()V">
              <lines>
                <line number="132" hits="0"/>
              </lines>
            </method>
          </methods>
          <lines>
            <line number="9" hits="4" branch="false"/>
            <line number="16" hits="4" branch="false"/>
            <line number="116" hits="4" branch="false"/>
            <line number="117" hits="83" branch="true" condition-coverage="50% (1/2)"/>
            <line number="118" hits="0" branch="false"/>
            <line number="120" hits="83" branch="false"/>
            <line number="122" hits="83" branch="false"/>
            <line number="126" hits="52" branch="false"/>
            <line number="132" hits="4" branch="false"/>
            <line number="133" hits="0" branch="true" condition-coverage="0% (0/2)"/>
            <line number="134" hits="0" branch="false"/>
            <line number="135" hits="0" branch="true" condition-coverage="0% (0/2)"/>
            <line number="136" hits="0" branch="false"/>
            <line number="138" hits="0" branch="false"/>
            <line number="143" hits="4" branch="false"/>
          </lines>
        </class>
        <class name="throwError.js" filename="src/lib/throwError.js" line-rate="0.8" branch-rate="0.5294">
          <methods>
            <method name="entries" hits="4" signature="()V">
              <lines>
                <line number="13" hits="4"/>
              </lines>
            </method>
            <method name="(anonymous_1)" hits="6" signature="()V">
              <lines>
                <line number="23" hits="6"/>
              </lines>
            </method>
            <method name="createError" hits="3" signature="()V">
              <lines>
                <line number="30" hits="3"/>
              </lines>
            </method>
            <method name="throwError" hits="3" signature="()V">
              <lines>
                <line number="58" hits="3"/>
              </lines>
            </method>
          </methods>
          <lines>
            <line number="14" hits="4" branch="false"/>
            <line number="15" hits="1148" branch="true" condition-coverage="50% (1/2)"/>
            <line number="16" hits="1148" branch="false"/>
            <line number="21" hits="4" branch="false"/>
            <line number="23" hits="4" branch="false"/>
            <line number="24" hits="6" branch="true" condition-coverage="100% (2/2)"/>
            <line number="31" hits="3" branch="true" condition-coverage="50% (1/2)"/>
            <line number="32" hits="0" branch="false"/>
            <line number="33" hits="0" branch="false"/>
            <line number="35" hits="3" branch="true" condition-coverage="33.33333333333333% (1/3)"/>
            <line number="36" hits="3" branch="true" condition-coverage="50% (1/2)"/>
            <line number="37" hits="3" branch="false"/>
            <line number="40" hits="3" branch="false"/>
            <line number="41" hits="3" branch="true" condition-coverage="50% (1/2)"/>
            <line number="42" hits="0" branch="false"/>
            <line number="44" hits="3" branch="true" condition-coverage="50% (2/4)"/>
            <line number="45" hits="3" branch="false"/>
            <line number="48" hits="0" branch="false"/>
            <line number="55" hits="3" branch="false"/>
            <line number="59" hits="3" branch="false"/>
          </lines>
        </class>
      </classes>
    </package>
    <package name="lib.mongooseCursor" line-rate="0.0649" branch-rate="0">
      <classes>
        <class name="_utils.js" filename="src/lib/mongooseCursor/_utils.js" line-rate="0.048799999999999996" branch-rate="0">
          <methods>
            <method name="cursorToOffset" hits="0" signature="()V">
              <lines>
                <line number="15" hits="0"/>
              </lines>
            </method>
            <method name="getOffsetWithDefault" hits="0" signature="()V">
              <lines>
                <line number="24" hits="0"/>
              </lines>
            </method>
            <method name="offsetToCursor" hits="0" signature="()V">
              <lines>
                <line number="36" hits="0"/>
              </lines>
            </method>
            <method name="getOffsetsFromArgs" hits="0" signature="()V">
              <lines>
                <line number="40" hits="0"/>
              </lines>
            </method>
            <method name="getConnectionFromSlice" hits="0" signature="()V">
              <lines>
                <line number="74" hits="0"/>
              </lines>
            </method>
            <method name="mapSliceToEdges" hits="0" signature="()V">
              <lines>
                <line number="89" hits="0"/>
              </lines>
            </method>
          </methods>
          <lines>
            <line number="10" hits="2" branch="false"/>
            <line number="16" hits="0" branch="false"/>
            <line number="26" hits="0" branch="true" condition-coverage="0% (0/2)"/>
            <line number="27" hits="0" branch="false"/>
            <line number="29" hits="0" branch="false"/>
            <line number="30" hits="0" branch="true" condition-coverage="0% (0/2)"/>
            <line number="37" hits="0" branch="false"/>
            <line number="42" hits="0" branch="true" condition-coverage="0% (0/2)"/>
            <line number="43" hits="0" branch="false"/>
            <line number="44" hits="0" branch="false"/>
            <line number="45" hits="0" branch="false"/>
            <line number="46" hits="0" branch="false"/>
            <line number="48" hits="0" branch="false"/>
            <line number="49" hits="0" branch="false"/>
            <line number="51" hits="0" branch="false"/>
            <line number="52" hits="0" branch="false"/>
            <line number="54" hits="0" branch="true" condition-coverage="0% (0/2)"/>
            <line number="55" hits="0" branch="false"/>
            <line number="57" hits="0" branch="true" condition-coverage="0% (0/2)"/>
            <line number="58" hits="0" branch="false"/>
            <line number="61" hits="0" branch="false"/>
            <line number="62" hits="0" branch="false"/>
            <line number="64" hits="0" branch="false"/>
            <line number="75" hits="0" branch="false"/>
            <line number="76" hits="0" branch="false"/>
            <line number="77" hits="0" branch="false"/>
            <line number="78" hits="0" branch="false"/>
            <line number="80" hits="0" branch="false"/>
            <line number="81" hits="0" branch="false"/>
            <line number="82" hits="0" branch="false"/>
            <line number="83" hits="0" branch="false"/>
            <line number="84" hits="0" branch="false"/>
            <line number="87" hits="0" branch="true" condition-coverage="0% (0/2)"/>
            <line number="89" hits="0" branch="false"/>
            <line number="90" hits="0" branch="false"/>
            <line number="96" hits="0" branch="false"/>
            <line number="97" hits="0" branch="false"/>
            <line number="98" hits="0" branch="true" condition-coverage="0% (0/2)"/>
            <line number="99" hits="0" branch="true" condition-coverage="0% (0/2)"/>
            <line number="101" hits="0" branch="false"/>
            <line number="112" hits="2" branch="false"/>
          </lines>
        </class>
        <class name="index.js" filename="src/lib/mongooseCursor/index.js" line-rate="0.0833" branch-rate="0">
          <methods>
            <method name="connectionFromMongoCursor" hits="0" signature="()V">
              <lines>
                <line number="16" hits="0"/>
              </lines>
            </method>
            <method name="countPromise" hits="0" signature="()V">
              <lines>
                <line number="21" hits="0"/>
              </lines>
            </method>
            <method name="fromSlice" hits="0" signature="()V">
              <lines>
                <line number="33" hits="0"/>
              </lines>
            </method>
            <method name="cloneAggregation" hits="0" signature="()V">
              <lines>
                <line number="39" hits="0"/>
              </lines>
            </method>
            <method name="connectionFromMongooseAggregate" hits="0" signature="()V">
              <lines>
                <line number="46" hits="0"/>
              </lines>
            </method>
            <method name="countPromise" hits="0" signature="()V">
              <lines>
                <line number="53" hits="0"/>
              </lines>
            </method>
            <method name="fromSlice" hits="0" signature="()V">
              <lines>
                <line number="65" hits="0"/>
              </lines>
            </method>
            <method name="connectionFromMongooseQuery" hits="0" signature="()V">
              <lines>
                <line number="71" hits="0"/>
              </lines>
            </method>
            <method name="countPromise" hits="0" signature="()V">
              <lines>
                <line number="75" hits="0"/>
              </lines>
            </method>
            <method name="fromSlice" hits="0" signature="()V">
              <lines>
                <line number="88" hits="0"/>
              </lines>
            </method>
          </methods>
          <lines>
            <line number="7" hits="2" branch="false"/>
            <line number="8" hits="2" branch="false"/>
            <line number="9" hits="2" branch="false"/>
            <line number="17" hits="0" branch="true" condition-coverage="0% (0/2)"/>
            <line number="18" hits="0" branch="false"/>
            <line number="20" hits="0" branch="false"/>
            <line number="22" hits="0" branch="false"/>
            <line number="25" hits="0" branch="true" condition-coverage="0% (0/2)"/>
            <line number="26" hits="0" branch="false"/>
            <line number="30" hits="0" branch="false"/>
            <line number="31" hits="0" branch="false"/>
            <line number="33" hits="0" branch="false"/>
            <line number="34" hits="0" branch="false"/>
            <line number="41" hits="0" branch="false"/>
            <line number="42" hits="0" branch="false"/>
            <line number="47" hits="0" branch="true" condition-coverage="0% (0/2)"/>
            <line number="48" hits="0" branch="false"/>
            <line number="50" hits="0" branch="false"/>
            <line number="54" hits="0" branch="true" condition-coverage="0% (0/4)"/>
            <line number="55" hits="0" branch="false"/>
            <line number="57" hits="0" branch="true" condition-coverage="0% (0/2)"/>
            <line number="58" hits="0" branch="false"/>
            <line number="61" hits="0" branch="false"/>
            <line number="62" hits="0" branch="false"/>
            <line number="64" hits="0" branch="false"/>
            <line number="66" hits="0" branch="false"/>
            <line number="72" hits="0" branch="true" condition-coverage="0% (0/2)"/>
            <line number="74" hits="0" branch="false"/>
            <line number="76" hits="0" branch="false"/>
            <line number="78" hits="0" branch="true" condition-coverage="0% (0/2)"/>
            <line number="79" hits="0" branch="false"/>
            <line number="82" hits="0" branch="false"/>
            <line number="83" hits="0" branch="false"/>
            <line number="86" hits="0" branch="false"/>
            <line number="88" hits="0" branch="false"/>
            <line number="89" hits="0" branch="false"/>
          </lines>
        </class>
      </classes>
    </package>
    <package name="logger" line-rate="0.48210000000000003" branch-rate="0.4706">
      <classes>
        <class name="auditLog.js" filename="src/logger/auditLog.js" line-rate="0.3429" branch-rate="0.3529">
          <methods>
            <method name="(anonymous_0)" hits="0" signature="()V">
              <lines>
                <line number="27" hits="0"/>
              </lines>
            </method>
            <method name="(anonymous_1)" hits="0" signature="()V">
              <lines>
                <line number="29" hits="0"/>
              </lines>
            </method>
            <method name="(anonymous_2)" hits="0" signature="()V">
              <lines>
                <line number="53" hits="0"/>
              </lines>
            </method>
            <method name="(anonymous_3)" hits="4" signature="()V">
              <lines>
                <line number="77" hits="4"/>
              </lines>
            </method>
            <method name="(anonymous_4)" hits="0" signature="()V">
              <lines>
                <line number="100" hits="0"/>
              </lines>
            </method>
          </methods>
          <lines>
            <line number="8" hits="4" branch="false"/>
            <line number="22" hits="4" branch="false"/>
            <line number="27" hits="0" branch="false"/>
            <line number="30" hits="0" branch="false"/>
            <line number="37" hits="4" branch="false"/>
            <line number="54" hits="0" branch="false"/>
            <line number="57" hits="0" branch="true" condition-coverage="0% (0/2)"/>
            <line number="58" hits="0" branch="false"/>
            <line number="59" hits="0" branch="false"/>
            <line number="64" hits="0" branch="false"/>
            <line number="69" hits="0" branch="false"/>
            <line number="73" hits="0" branch="false"/>
            <line number="77" hits="4" branch="false"/>
            <line number="78" hits="4" branch="false"/>
            <line number="81" hits="4" branch="false"/>
            <line number="82" hits="4" branch="true" condition-coverage="50% (1/2)"/>
            <line number="83" hits="4" branch="true" condition-coverage="50% (1/2)"/>
            <line number="84" hits="0" branch="false"/>
            <line number="86" hits="4" branch="false"/>
            <line number="94" hits="4" branch="false"/>
            <line number="97" hits="0" branch="false"/>
            <line number="100" hits="0" branch="false"/>
            <line number="101" hits="0" branch="false"/>
            <line number="108" hits="0" branch="true" condition-coverage="0% (0/4)"/>
            <line number="110" hits="0" branch="false"/>
            <line number="118" hits="0" branch="false"/>
            <line number="120" hits="0" branch="false"/>
            <line number="129" hits="0" branch="false"/>
            <line number="131" hits="0" branch="false"/>
            <line number="140" hits="0" branch="false"/>
            <line number="142" hits="0" branch="false"/>
            <line number="152" hits="0" branch="false"/>
            <line number="156" hits="4" branch="true" condition-coverage="100% (2/2)"/>
            <line number="158" hits="4" branch="false"/>
            <line number="160" hits="0" branch="false"/>
          </lines>
        </class>
        <class name="cronLog.js" filename="src/logger/cronLog.js" line-rate="0.6" branch-rate="0.5">
          <methods>
            <method name="(anonymous_0)" hits="0" signature="()V">
              <lines>
                <line number="15" hits="0"/>
              </lines>
            </method>
            <method name="(anonymous_1)" hits="0" signature="()V">
              <lines>
                <line number="17" hits="0"/>
              </lines>
            </method>
          </methods>
          <lines>
            <line number="4" hits="4" branch="false"/>
            <line number="5" hits="4" branch="false"/>
            <line number="11" hits="4" branch="false"/>
            <line number="15" hits="0" branch="false"/>
            <line number="18" hits="0" branch="true" condition-coverage="0% (0/2)"/>
            <line number="19" hits="0" branch="false"/>
            <line number="35" hits="4" branch="false"/>
            <line number="78" hits="4" branch="true" condition-coverage="100% (2/2)"/>
            <line number="80" hits="4" branch="false"/>
            <line number="82" hits="0" branch="false"/>
          </lines>
        </class>
        <class name="gqlLog.js" filename="src/logger/gqlLog.js" line-rate="0.8" branch-rate="0.6667000000000001">
          <methods>
            <method name="(anonymous_0)" hits="0" signature="()V">
              <lines>
                <line number="43" hits="0"/>
              </lines>
            </method>
            <method name="(anonymous_1)" hits="6" signature="()V">
              <lines>
                <line number="58" hits="6"/>
              </lines>
            </method>
          </methods>
          <lines>
            <line number="4" hits="4" branch="false"/>
            <line number="5" hits="4" branch="false"/>
            <line number="36" hits="4" branch="false"/>
            <line number="44" hits="0" branch="false"/>
            <line number="50" hits="4" branch="false"/>
            <line number="58" hits="6" branch="false"/>
            <line number="97" hits="4" branch="true" condition-coverage="100% (2/2)"/>
            <line number="98" hits="4" branch="false"/>
            <line number="100" hits="4" branch="false"/>
            <line number="102" hits="0" branch="false"/>
          </lines>
        </class>
        <class name="index.js" filename="src/logger/index.js" line-rate="1" branch-rate="1">
          <methods>
          </methods>
          <lines>
            <line number="5" hits="4" branch="false"/>
          </lines>
        </class>
      </classes>
    </package>
  </packages>
</coverage>
