<?xml version="1.0" encoding="UTF-8"?>
<coverage generated="1603246249076" clover="3.2.0">
  <project timestamp="1603246249076" name="All files">
    <metrics statements="10939" coveredstatements="6444" conditionals="7305" coveredconditionals="3582" methods="1825" coveredmethods="923" elements="20069" coveredelements="10949" complexity="0" loc="10939" ncloc="10939" packages="107" files="634" classes="634">
      <package name="apps.rad-gql.data.DeviceHistory">
        <metrics statements="0" coveredstatements="0" conditionals="0" coveredconditionals="0" methods="0" coveredmethods="0"/>
        <file name="DeviceHistoryDM.js" path="/Users/sagegu/Documents/GitHub/sage/ShareCareBackend/src/apps/rad-gql/data/DeviceHistory/DeviceHistoryDM.js">
          <metrics statements="0" coveredstatements="0" conditionals="0" coveredconditionals="0" methods="0" coveredmethods="0"/>
        </file>
      </package>
      <package name="apps.rad-gql.entities">
        <metrics statements="5" coveredstatements="5" conditionals="0" coveredconditionals="0" methods="0" coveredmethods="0"/>
        <file name="DeviceHistoryModel.js" path="/Users/sagegu/Documents/GitHub/sage/ShareCareBackend/src/apps/rad-gql/entities/DeviceHistoryModel.js">
          <metrics statements="5" coveredstatements="5" conditionals="0" coveredconditionals="0" methods="0" coveredmethods="0"/>
          <line num="7" count="61" type="stmt"/>
          <line num="8" count="61" type="stmt"/>
          <line num="10" count="61" type="stmt"/>
          <line num="21" count="61" type="stmt"/>
          <line num="54" count="61" type="stmt"/>
        </file>
      </package>
      <package name="apps.rad-gql.logic.DeviceHistory">
        <metrics statements="19" coveredstatements="2" conditionals="6" coveredconditionals="0" methods="4" coveredmethods="0"/>
        <file name="mEditHistory.js" path="/Users/sagegu/Documents/GitHub/sage/ShareCareBackend/src/apps/rad-gql/logic/DeviceHistory/mEditHistory.js">
          <metrics statements="19" coveredstatements="2" conditionals="6" coveredconditionals="0" methods="4" coveredmethods="0"/>
          <line num="17" count="61" type="stmt"/>
          <line num="19" count="61" type="stmt"/>
          <line num="20" count="0" type="stmt"/>
          <line num="22" count="0" type="stmt"/>
          <line num="23" count="0" type="stmt"/>
          <line num="24" count="0" type="stmt"/>
          <line num="25" count="0" type="cond" truecount="0" falsecount="2"/>
          <line num="26" count="0" type="stmt"/>
          <line num="30" count="0" type="cond" truecount="0" falsecount="2"/>
          <line num="31" count="0" type="stmt"/>
          <line num="34" count="0" type="stmt"/>
          <line num="39" count="0" type="stmt"/>
          <line num="40" count="0" type="stmt"/>
          <line num="41" count="0" type="stmt"/>
          <line num="43" count="0" type="cond" truecount="0" falsecount="2"/>
          <line num="44" count="0" type="stmt"/>
          <line num="52" count="0" type="stmt"/>
          <line num="54" count="0" type="stmt"/>
          <line num="67" count="0" type="stmt"/>
        </file>
      </package>
      <package name="apps.rad-gql.logic.EnrolledProgram">
        <metrics statements="29" coveredstatements="2" conditionals="22" coveredconditionals="0" methods="3" coveredmethods="0"/>
        <file name="mReturnDevices.js" path="/Users/sagegu/Documents/GitHub/sage/ShareCareBackend/src/apps/rad-gql/logic/EnrolledProgram/mReturnDevices.js">
          <metrics statements="29" coveredstatements="2" conditionals="22" coveredconditionals="0" methods="3" coveredmethods="0"/>
          <line num="20" count="61" type="stmt"/>
          <line num="22" count="61" type="stmt"/>
          <line num="23" count="0" type="stmt"/>
          <line num="25" count="0" type="stmt"/>
          <line num="26" count="0" type="cond" truecount="0" falsecount="2"/>
          <line num="27" count="0" type="stmt"/>
          <line num="30" count="0" type="cond" truecount="0" falsecount="4"/>
          <line num="31" count="0" type="stmt"/>
          <line num="33" count="0" type="cond" truecount="0" falsecount="4"/>
          <line num="34" count="0" type="stmt"/>
          <line num="37" count="0" type="stmt"/>
          <line num="38" count="0" type="stmt"/>
          <line num="40" count="0" type="cond" truecount="0" falsecount="2"/>
          <line num="41" count="0" type="stmt"/>
          <line num="42" count="0" type="stmt"/>
          <line num="45" count="0" type="cond" truecount="0" falsecount="2"/>
          <line num="46" count="0" type="cond" truecount="0" falsecount="4"/>
          <line num="47" count="0" type="stmt"/>
          <line num="50" count="0" type="stmt"/>
          <line num="51" count="0" type="stmt"/>
          <line num="53" count="0" type="stmt"/>
          <line num="55" count="0" type="stmt"/>
          <line num="60" count="0" type="cond" truecount="0" falsecount="2"/>
          <line num="61" count="0" type="stmt"/>
          <line num="63" count="0" type="stmt"/>
          <line num="70" count="0" type="stmt"/>
          <line num="72" count="0" type="cond" truecount="0" falsecount="2"/>
          <line num="73" count="0" type="stmt"/>
          <line num="75" count="0" type="stmt"/>
        </file>
      </package>
      <package name="config">
        <metrics statements="57" coveredstatements="27" conditionals="20" coveredconditionals="7" methods="9" coveredmethods="3"/>
        <file name="redis.js" path="/Users/sagegu/Documents/GitHub/sage/ShareCareBackend/src/config/redis.js">
          <metrics statements="57" coveredstatements="27" conditionals="20" coveredconditionals="7" methods="9" coveredmethods="3"/>
          <line num="7" count="75" type="cond" truecount="2" falsecount="2"/>
          <line num="8" count="75" type="stmt"/>
          <line num="10" count="75" type="stmt"/>
          <line num="11" count="75" type="stmt"/>
          <line num="13" count="0" type="stmt"/>
          <line num="14" count="0" type="stmt"/>
          <line num="15" count="0" type="stmt"/>
          <line num="18" count="75" type="stmt"/>
          <line num="19" count="75" type="stmt"/>
          <line num="20" count="75" type="cond" truecount="1" falsecount="1"/>
          <line num="21" count="0" type="stmt"/>
          <line num="22" count="0" type="stmt"/>
          <line num="24" count="75" type="stmt"/>
          <line num="27" count="75" type="cond" truecount="1" falsecount="1"/>
          <line num="28" count="0" type="stmt"/>
          <line num="29" count="0" type="stmt"/>
          <line num="30" count="0" type="stmt"/>
          <line num="33" count="75" type="stmt"/>
          <line num="41" count="75" type="stmt"/>
          <line num="43" count="75" type="stmt"/>
          <line num="44" count="75" type="stmt"/>
          <line num="46" count="75" type="cond" truecount="1" falsecount="1"/>
          <line num="47" count="0" type="stmt"/>
          <line num="50" count="75" type="stmt"/>
          <line num="57" count="0" type="stmt"/>
          <line num="58" count="0" type="stmt"/>
          <line num="60" count="0" type="cond" truecount="0" falsecount="2"/>
          <line num="62" count="0" type="stmt"/>
          <line num="65" count="0" type="stmt"/>
          <line num="73" count="75" type="cond" truecount="1" falsecount="1"/>
          <line num="74" count="75" type="stmt"/>
          <line num="75" count="75" type="stmt"/>
          <line num="81" count="75" type="cond" truecount="1" falsecount="1"/>
          <line num="82" count="0" type="stmt"/>
          <line num="86" count="0" type="stmt"/>
          <line num="88" count="75" type="stmt"/>
          <line num="90" count="75" type="stmt"/>
          <line num="93" count="0" type="stmt"/>
          <line num="94" count="0" type="stmt"/>
          <line num="99" count="0" type="stmt"/>
          <line num="105" count="0" type="cond" truecount="0" falsecount="2"/>
          <line num="106" count="0" type="stmt"/>
          <line num="110" count="0" type="stmt"/>
          <line num="112" count="0" type="stmt"/>
          <line num="114" count="0" type="stmt"/>
          <line num="119" count="75" type="stmt"/>
          <line num="120" count="1" type="stmt"/>
          <line num="123" count="75" type="stmt"/>
          <line num="124" count="0" type="stmt"/>
          <line num="125" count="0" type="cond" truecount="0" falsecount="2"/>
          <line num="126" count="0" type="stmt"/>
          <line num="128" count="0" type="stmt"/>
          <line num="131" count="75" type="stmt"/>
          <line num="132" count="0" type="stmt"/>
          <line num="135" count="75" type="stmt"/>
          <line num="136" count="0" type="stmt"/>
          <line num="139" count="75" type="stmt"/>
        </file>
      </package>
      <package name="cron.order">
        <metrics statements="56" coveredstatements="37" conditionals="22" coveredconditionals="10" methods="8" coveredmethods="6"/>
        <file name="_getDataDetail.js" path="/Users/sagegu/Documents/GitHub/sage/ShareCareBackend/src/cron/order/_getDataDetail.js">
          <metrics statements="16" coveredstatements="14" conditionals="9" coveredconditionals="8" methods="3" coveredmethods="3"/>
          <line num="14" count="4" type="stmt"/>
          <line num="15" count="4" type="stmt"/>
          <line num="17" count="4" type="stmt"/>
          <line num="18" count="4" type="cond" truecount="2" falsecount="0"/>
          <line num="19" count="1" type="stmt"/>
          <line num="20" count="1" type="stmt"/>
          <line num="22" count="3" type="stmt"/>
          <line num="23" count="3" type="cond" truecount="1" falsecount="1"/>
          <line num="24" count="0" type="stmt"/>
          <line num="25" count="0" type="stmt"/>
          <line num="28" count="3" type="stmt"/>
          <line num="29" count="3" type="cond" truecount="2" falsecount="0"/>
          <line num="30" count="1" type="stmt"/>
          <line num="31" count="1" type="stmt"/>
          <line num="34" count="2" type="stmt"/>
          <line num="42" count="4" type="cond" truecount="3" falsecount="0"/>
        </file>
        <file name="_getOrderPlan.js" path="/Users/sagegu/Documents/GitHub/sage/ShareCareBackend/src/cron/order/_getOrderPlan.js">
          <metrics statements="5" coveredstatements="5" conditionals="0" coveredconditionals="0" methods="1" coveredmethods="1"/>
          <line num="9" count="1" type="stmt"/>
          <line num="12" count="2" type="stmt"/>
          <line num="13" count="2" type="stmt"/>
          <line num="15" count="1" type="stmt"/>
          <line num="17" count="1" type="stmt"/>
        </file>
        <file name="_getUserOrderPlans.js" path="/Users/sagegu/Documents/GitHub/sage/ShareCareBackend/src/cron/order/_getUserOrderPlans.js">
          <metrics statements="10" coveredstatements="10" conditionals="2" coveredconditionals="2" methods="1" coveredmethods="1"/>
          <line num="11" count="1" type="stmt"/>
          <line num="13" count="1" type="stmt"/>
          <line num="22" count="2" type="stmt"/>
          <line num="23" count="2" type="stmt"/>
          <line num="24" count="2" type="stmt"/>
          <line num="25" count="2" type="cond" truecount="2" falsecount="0"/>
          <line num="26" count="2" type="stmt"/>
          <line num="34" count="1" type="stmt"/>
          <line num="36" count="1" type="stmt"/>
          <line num="37" count="1" type="stmt"/>
        </file>
        <file name="_updateLastOrderAt.js" path="/Users/sagegu/Documents/GitHub/sage/ShareCareBackend/src/cron/order/_updateLastOrderAt.js">
          <metrics statements="8" coveredstatements="8" conditionals="0" coveredconditionals="0" methods="1" coveredmethods="1"/>
          <line num="9" count="1" type="stmt"/>
          <line num="13" count="2" type="stmt"/>
          <line num="14" count="2" type="stmt"/>
          <line num="15" count="2" type="stmt"/>
          <line num="16" count="2" type="stmt"/>
          <line num="18" count="2" type="stmt"/>
          <line num="20" count="1" type="stmt"/>
          <line num="22" count="1" type="stmt"/>
        </file>
        <file name="subscription.js" path="/Users/sagegu/Documents/GitHub/sage/ShareCareBackend/src/cron/order/subscription.js">
          <metrics statements="17" coveredstatements="0" conditionals="11" coveredconditionals="0" methods="2" coveredmethods="0"/>
          <line num="14" count="0" type="stmt"/>
          <line num="16" count="0" type="stmt"/>
          <line num="18" count="0" type="stmt"/>
          <line num="19" count="0" type="cond" truecount="0" falsecount="2"/>
          <line num="21" count="0" type="stmt"/>
          <line num="22" count="0" type="cond" truecount="0" falsecount="2"/>
          <line num="23" count="0" type="stmt"/>
          <line num="25" count="0" type="stmt"/>
          <line num="26" count="0" type="cond" truecount="0" falsecount="3"/>
          <line num="27" count="0" type="stmt"/>
          <line num="28" count="0" type="cond" truecount="0" falsecount="2"/>
          <line num="29" count="0" type="stmt"/>
          <line num="31" count="0" type="stmt"/>
          <line num="32" count="0" type="cond" truecount="0" falsecount="2"/>
          <line num="34" count="0" type="stmt"/>
          <line num="37" count="0" type="stmt"/>
          <line num="39" count="0" type="stmt"/>
        </file>
      </package>
      <package name="cron.system_msg">
        <metrics statements="5" coveredstatements="5" conditionals="0" coveredconditionals="0" methods="1" coveredmethods="1"/>
        <file name="constants.js" path="/Users/sagegu/Documents/GitHub/sage/ShareCareBackend/src/cron/system_msg/constants.js">
          <metrics statements="5" coveredstatements="5" conditionals="0" coveredconditionals="0" methods="1" coveredmethods="1"/>
          <line num="2" count="52" type="stmt"/>
          <line num="4" count="52" type="stmt"/>
          <line num="13" count="52" type="stmt"/>
          <line num="19" count="52" type="stmt"/>
          <line num="44" count="260" type="stmt"/>
        </file>
      </package>
      <package name="domain.acl">
        <metrics statements="65" coveredstatements="9" conditionals="42" coveredconditionals="6" methods="20" coveredmethods="2"/>
        <file name="_accessRules.js" path="/Users/sagegu/Documents/GitHub/sage/ShareCareBackend/src/domain/acl/_accessRules.js">
          <metrics statements="65" coveredstatements="9" conditionals="42" coveredconditionals="6" methods="20" coveredmethods="2"/>
          <line num="1" count="76" type="stmt"/>
          <line num="2" count="76" type="stmt"/>
          <line num="3" count="76" type="stmt"/>
          <line num="12" count="1" type="cond" truecount="2" falsecount="2"/>
          <line num="13" count="1" type="stmt"/>
          <line num="14" count="0" type="stmt"/>
          <line num="19" count="0" type="stmt"/>
          <line num="20" count="0" type="stmt"/>
          <line num="21" count="0" type="stmt"/>
          <line num="22" count="0" type="stmt"/>
          <line num="24" count="0" type="stmt"/>
          <line num="25" count="0" type="stmt"/>
          <line num="26" count="0" type="cond" truecount="0" falsecount="2"/>
          <line num="29" count="0" type="stmt"/>
          <line num="31" count="0" type="cond" truecount="0" falsecount="2"/>
          <line num="32" count="0" type="cond" truecount="0" falsecount="2"/>
          <line num="33" count="0" type="cond" truecount="0" falsecount="2"/>
          <line num="34" count="0" type="stmt"/>
          <line num="36" count="0" type="cond" truecount="0" falsecount="2"/>
          <line num="37" count="0" type="stmt"/>
          <line num="40" count="0" type="stmt"/>
          <line num="45" count="0" type="stmt"/>
          <line num="50" count="0" type="stmt"/>
          <line num="56" count="0" type="stmt"/>
          <line num="61" count="0" type="stmt"/>
          <line num="65" count="1" type="cond" truecount="3" falsecount="1"/>
          <line num="66" count="1" type="stmt"/>
          <line num="67" count="1" type="cond" truecount="1" falsecount="1"/>
          <line num="68" count="0" type="stmt"/>
          <line num="69" count="0" type="cond" truecount="0" falsecount="2"/>
          <line num="70" count="0" type="stmt"/>
          <line num="71" count="0" type="stmt"/>
          <line num="72" count="0" type="stmt"/>
          <line num="79" count="0" type="cond" truecount="0" falsecount="2"/>
          <line num="83" count="0" type="stmt"/>
          <line num="88" count="1" type="stmt"/>
          <line num="90" count="0" type="stmt"/>
          <line num="94" count="0" type="cond" truecount="0" falsecount="2"/>
          <line num="98" count="0" type="stmt"/>
          <line num="99" count="0" type="cond" truecount="0" falsecount="4"/>
          <line num="100" count="0" type="stmt"/>
          <line num="101" count="0" type="stmt"/>
          <line num="102" count="0" type="stmt"/>
          <line num="105" count="0" type="stmt"/>
          <line num="109" count="0" type="stmt"/>
          <line num="110" count="0" type="stmt"/>
          <line num="112" count="0" type="cond" truecount="0" falsecount="2"/>
          <line num="113" count="0" type="stmt"/>
          <line num="114" count="0" type="stmt"/>
          <line num="117" count="0" type="stmt"/>
          <line num="121" count="0" type="stmt"/>
          <line num="122" count="0" type="cond" truecount="0" falsecount="4"/>
          <line num="123" count="0" type="stmt"/>
          <line num="124" count="0" type="cond" truecount="0" falsecount="2"/>
          <line num="125" count="0" type="stmt"/>
          <line num="132" count="0" type="stmt"/>
          <line num="133" count="0" type="stmt"/>
          <line num="134" count="0" type="stmt"/>
          <line num="135" count="0" type="stmt"/>
          <line num="136" count="0" type="stmt"/>
          <line num="139" count="0" type="stmt"/>
          <line num="143" count="0" type="stmt"/>
          <line num="144" count="0" type="stmt"/>
          <line num="145" count="0" type="stmt"/>
          <line num="148" count="0" type="stmt"/>
        </file>
        <file name="_actions.js" path="/Users/sagegu/Documents/GitHub/sage/ShareCareBackend/src/domain/acl/_actions.js">
          <metrics statements="0" coveredstatements="0" conditionals="0" coveredconditionals="0" methods="0" coveredmethods="0"/>
        </file>
        <file name="_tmpl.js" path="/Users/sagegu/Documents/GitHub/sage/ShareCareBackend/src/domain/acl/_tmpl.js">
          <metrics statements="0" coveredstatements="0" conditionals="0" coveredconditionals="0" methods="0" coveredmethods="0"/>
        </file>
      </package>
      <package name="domain.acl.expressions">
        <metrics statements="15" coveredstatements="0" conditionals="35" coveredconditionals="0" methods="6" coveredmethods="0"/>
        <file name="contains.js" path="/Users/sagegu/Documents/GitHub/sage/ShareCareBackend/src/domain/acl/expressions/contains.js">
          <metrics statements="2" coveredstatements="0" conditionals="6" coveredconditionals="0" methods="2" coveredmethods="0"/>
          <line num="11" count="0" type="cond" truecount="0" falsecount="4"/>
          <line num="15" count="0" type="cond" truecount="0" falsecount="2"/>
        </file>
        <file name="equals.js" path="/Users/sagegu/Documents/GitHub/sage/ShareCareBackend/src/domain/acl/expressions/equals.js">
          <metrics statements="2" coveredstatements="0" conditionals="6" coveredconditionals="0" methods="1" coveredmethods="0"/>
          <line num="8" count="0" type="cond" truecount="0" falsecount="2"/>
          <line num="9" count="0" type="cond" truecount="0" falsecount="4"/>
        </file>
        <file name="index.js" path="/Users/sagegu/Documents/GitHub/sage/ShareCareBackend/src/domain/acl/expressions/index.js">
          <metrics statements="0" coveredstatements="0" conditionals="0" coveredconditionals="0" methods="0" coveredmethods="0"/>
        </file>
        <file name="not_equals.js" path="/Users/sagegu/Documents/GitHub/sage/ShareCareBackend/src/domain/acl/expressions/not_equals.js">
          <metrics statements="2" coveredstatements="0" conditionals="6" coveredconditionals="0" methods="1" coveredmethods="0"/>
          <line num="8" count="0" type="cond" truecount="0" falsecount="2"/>
          <line num="9" count="0" type="cond" truecount="0" falsecount="4"/>
        </file>
        <file name="owns.js" path="/Users/sagegu/Documents/GitHub/sage/ShareCareBackend/src/domain/acl/expressions/owns.js">
          <metrics statements="9" coveredstatements="0" conditionals="17" coveredconditionals="0" methods="2" coveredmethods="0"/>
          <line num="13" count="0" type="cond" truecount="0" falsecount="2"/>
          <line num="14" count="0" type="cond" truecount="0" falsecount="2"/>
          <line num="20" count="0" type="stmt"/>
          <line num="21" count="0" type="stmt"/>
          <line num="23" count="0" type="cond" truecount="0" falsecount="8"/>
          <line num="30" count="0" type="stmt"/>
          <line num="32" count="0" type="cond" truecount="0" falsecount="2"/>
          <line num="33" count="0" type="stmt"/>
          <line num="36" count="0" type="cond" truecount="0" falsecount="3"/>
        </file>
      </package>
      <package name="domain.acl.policy">
        <metrics statements="7" coveredstatements="7" conditionals="0" coveredconditionals="0" methods="0" coveredmethods="0"/>
        <file name="admin.js" path="/Users/sagegu/Documents/GitHub/sage/ShareCareBackend/src/domain/acl/policy/admin.js">
          <metrics statements="1" coveredstatements="1" conditionals="0" coveredconditionals="0" methods="0" coveredmethods="0"/>
          <line num="12" count="86" type="stmt"/>
        </file>
        <file name="doctor.js" path="/Users/sagegu/Documents/GitHub/sage/ShareCareBackend/src/domain/acl/policy/doctor.js">
          <metrics statements="1" coveredstatements="1" conditionals="0" coveredconditionals="0" methods="0" coveredmethods="0"/>
          <line num="12" count="86" type="stmt"/>
        </file>
        <file name="index.js" path="/Users/sagegu/Documents/GitHub/sage/ShareCareBackend/src/domain/acl/policy/index.js">
          <metrics statements="1" coveredstatements="1" conditionals="0" coveredconditionals="0" methods="0" coveredmethods="0"/>
          <line num="8" count="86" type="stmt"/>
        </file>
        <file name="ma.js" path="/Users/sagegu/Documents/GitHub/sage/ShareCareBackend/src/domain/acl/policy/ma.js">
          <metrics statements="1" coveredstatements="1" conditionals="0" coveredconditionals="0" methods="0" coveredmethods="0"/>
          <line num="11" count="86" type="stmt"/>
        </file>
        <file name="member.js" path="/Users/sagegu/Documents/GitHub/sage/ShareCareBackend/src/domain/acl/policy/member.js">
          <metrics statements="1" coveredstatements="1" conditionals="0" coveredconditionals="0" methods="0" coveredmethods="0"/>
          <line num="12" count="86" type="stmt"/>
        </file>
        <file name="nurse.js" path="/Users/sagegu/Documents/GitHub/sage/ShareCareBackend/src/domain/acl/policy/nurse.js">
          <metrics statements="1" coveredstatements="1" conditionals="0" coveredconditionals="0" methods="0" coveredmethods="0"/>
          <line num="11" count="86" type="stmt"/>
        </file>
        <file name="super_admin.js" path="/Users/sagegu/Documents/GitHub/sage/ShareCareBackend/src/domain/acl/policy/super_admin.js">
          <metrics statements="1" coveredstatements="1" conditionals="0" coveredconditionals="0" methods="0" coveredmethods="0"/>
          <line num="12" count="86" type="stmt"/>
        </file>
      </package>
      <package name="domain.connectors">
        <metrics statements="70" coveredstatements="9" conditionals="32" coveredconditionals="1" methods="20" coveredmethods="0"/>
        <file name="Twilio.js" path="/Users/sagegu/Documents/GitHub/sage/ShareCareBackend/src/domain/connectors/Twilio.js">
          <metrics statements="32" coveredstatements="5" conditionals="24" coveredconditionals="0" methods="9" coveredmethods="0"/>
          <line num="3" count="74" type="stmt"/>
          <line num="5" count="74" type="stmt"/>
          <line num="6" count="74" type="stmt"/>
          <line num="7" count="74" type="stmt"/>
          <line num="8" count="74" type="stmt"/>
          <line num="29" count="0" type="cond" truecount="0" falsecount="2"/>
          <line num="30" count="0" type="cond" truecount="0" falsecount="4"/>
          <line num="31" count="0" type="stmt"/>
          <line num="35" count="0" type="stmt"/>
          <line num="37" count="0" type="stmt"/>
          <line num="39" count="0" type="cond" truecount="0" falsecount="2"/>
          <line num="40" count="0" type="stmt"/>
          <line num="42" count="0" type="stmt"/>
          <line num="65" count="0" type="cond" truecount="0" falsecount="2"/>
          <line num="66" count="0" type="stmt"/>
          <line num="74" count="0" type="cond" truecount="0" falsecount="2"/>
          <line num="75" count="0" type="stmt"/>
          <line num="78" count="0" type="stmt"/>
          <line num="79" count="0" type="stmt"/>
          <line num="80" count="0" type="cond" truecount="0" falsecount="2"/>
          <line num="81" count="0" type="stmt"/>
          <line num="83" count="0" type="stmt"/>
          <line num="102" count="0" type="cond" truecount="0" falsecount="2"/>
          <line num="103" count="0" type="stmt"/>
          <line num="106" count="0" type="cond" truecount="0" falsecount="2"/>
          <line num="107" count="0" type="cond" truecount="0" falsecount="4"/>
          <line num="108" count="0" type="stmt"/>
          <line num="115" count="0" type="stmt"/>
          <line num="116" count="0" type="stmt"/>
          <line num="117" count="0" type="cond" truecount="0" falsecount="2"/>
          <line num="118" count="0" type="stmt"/>
          <line num="120" count="0" type="stmt"/>
        </file>
        <file name="WooCommerce.js" path="/Users/sagegu/Documents/GitHub/sage/ShareCareBackend/src/domain/connectors/WooCommerce.js">
          <metrics statements="23" coveredstatements="3" conditionals="6" coveredconditionals="0" methods="5" coveredmethods="0"/>
          <line num="4" count="66" type="stmt"/>
          <line num="5" count="66" type="stmt"/>
          <line num="6" count="66" type="stmt"/>
          <line num="13" count="0" type="stmt"/>
          <line num="14" count="0" type="stmt"/>
          <line num="15" count="0" type="stmt"/>
          <line num="18" count="0" type="stmt"/>
          <line num="23" count="0" type="stmt"/>
          <line num="24" count="0" type="stmt"/>
          <line num="25" count="0" type="stmt"/>
          <line num="28" count="0" type="stmt"/>
          <line num="33" count="0" type="cond" truecount="0" falsecount="4"/>
          <line num="34" count="0" type="stmt"/>
          <line num="36" count="0" type="stmt"/>
          <line num="37" count="0" type="stmt"/>
          <line num="41" count="0" type="stmt"/>
          <line num="42" count="0" type="stmt"/>
          <line num="43" count="0" type="stmt"/>
          <line num="46" count="0" type="stmt"/>
          <line num="52" count="0" type="cond" truecount="0" falsecount="2"/>
          <line num="53" count="0" type="stmt"/>
          <line num="56" count="0" type="stmt"/>
          <line num="64" count="0" type="stmt"/>
        </file>
        <file name="index.js" path="/Users/sagegu/Documents/GitHub/sage/ShareCareBackend/src/domain/connectors/index.js">
          <metrics statements="0" coveredstatements="0" conditionals="0" coveredconditionals="0" methods="0" coveredmethods="0"/>
        </file>
        <file name="pki.js" path="/Users/sagegu/Documents/GitHub/sage/ShareCareBackend/src/domain/connectors/pki.js">
          <metrics statements="15" coveredstatements="1" conditionals="2" coveredconditionals="1" methods="6" coveredmethods="0"/>
          <line num="2" count="66" type="cond" truecount="1" falsecount="1"/>
          <line num="6" count="0" type="stmt"/>
          <line num="7" count="0" type="stmt"/>
          <line num="14" count="0" type="stmt"/>
          <line num="15" count="0" type="stmt"/>
          <line num="18" count="0" type="stmt"/>
          <line num="20" count="0" type="stmt"/>
          <line num="21" count="0" type="stmt"/>
          <line num="25" count="0" type="stmt"/>
          <line num="26" count="0" type="stmt"/>
          <line num="33" count="0" type="stmt"/>
          <line num="34" count="0" type="stmt"/>
          <line num="37" count="0" type="stmt"/>
          <line num="39" count="0" type="stmt"/>
          <line num="40" count="0" type="stmt"/>
        </file>
      </package>
      <package name="domain.connectors.chat">
        <metrics statements="47" coveredstatements="10" conditionals="9" coveredconditionals="1" methods="19" coveredmethods="4"/>
        <file name="Chat.js" path="/Users/sagegu/Documents/GitHub/sage/ShareCareBackend/src/domain/connectors/chat/Chat.js">
          <metrics statements="47" coveredstatements="10" conditionals="9" coveredconditionals="1" methods="19" coveredmethods="4"/>
          <line num="14" count="68" type="stmt"/>
          <line num="16" count="4" type="stmt"/>
          <line num="17" count="4" type="cond" truecount="1" falsecount="1"/>
          <line num="18" count="4" type="stmt"/>
          <line num="19" count="0" type="cond" truecount="0" falsecount="2"/>
          <line num="21" count="0" type="stmt"/>
          <line num="25" count="0" type="stmt"/>
          <line num="26" count="0" type="stmt"/>
          <line num="35" count="2" type="stmt"/>
          <line num="36" count="2" type="stmt"/>
          <line num="38" count="0" type="cond" truecount="0" falsecount="2"/>
          <line num="39" count="0" type="stmt"/>
          <line num="41" count="0" type="stmt"/>
          <line num="42" count="0" type="stmt"/>
          <line num="43" count="0" type="stmt"/>
          <line num="47" count="0" type="stmt"/>
          <line num="48" count="0" type="stmt"/>
          <line num="50" count="0" type="stmt"/>
          <line num="51" count="0" type="stmt"/>
          <line num="53" count="0" type="stmt"/>
          <line num="57" count="0" type="stmt"/>
          <line num="58" count="0" type="stmt"/>
          <line num="60" count="0" type="stmt"/>
          <line num="61" count="0" type="stmt"/>
          <line num="62" count="0" type="stmt"/>
          <line num="64" count="0" type="stmt"/>
          <line num="65" count="0" type="stmt"/>
          <line num="66" count="0" type="stmt"/>
          <line num="68" count="0" type="stmt"/>
          <line num="69" count="0" type="stmt"/>
          <line num="74" count="2" type="stmt"/>
          <line num="78" count="0" type="stmt"/>
          <line num="82" count="0" type="stmt"/>
          <line num="86" count="0" type="stmt"/>
          <line num="87" count="0" type="stmt"/>
          <line num="89" count="0" type="stmt"/>
          <line num="91" count="0" type="stmt"/>
          <line num="94" count="0" type="stmt"/>
          <line num="98" count="0" type="stmt"/>
          <line num="102" count="0" type="stmt"/>
          <line num="105" count="68" type="stmt"/>
          <line num="108" count="4" type="stmt"/>
          <line num="109" count="4" type="stmt"/>
          <line num="110" count="0" type="stmt"/>
          <line num="117" count="0" type="stmt"/>
          <line num="119" count="0" type="stmt"/>
          <line num="120" count="0" type="stmt"/>
        </file>
      </package>
      <package name="domain.connectors.chat.providers">
        <metrics statements="68" coveredstatements="2" conditionals="24" coveredconditionals="0" methods="24" coveredmethods="0"/>
        <file name="pubnub.js" path="/Users/sagegu/Documents/GitHub/sage/ShareCareBackend/src/domain/connectors/chat/providers/pubnub.js">
          <metrics statements="68" coveredstatements="2" conditionals="24" coveredconditionals="0" methods="24" coveredmethods="0"/>
          <line num="8" count="68" type="stmt"/>
          <line num="11" count="0" type="stmt"/>
          <line num="12" count="0" type="stmt"/>
          <line num="13" count="0" type="cond" truecount="0" falsecount="2"/>
          <line num="14" count="0" type="stmt"/>
          <line num="17" count="0" type="stmt"/>
          <line num="25" count="0" type="stmt"/>
          <line num="27" count="0" type="stmt"/>
          <line num="31" count="0" type="stmt"/>
          <line num="32" count="0" type="stmt"/>
          <line num="43" count="0" type="stmt"/>
          <line num="44" count="0" type="stmt"/>
          <line num="45" count="0" type="stmt"/>
          <line num="46" count="0" type="cond" truecount="0" falsecount="2"/>
          <line num="47" count="0" type="stmt"/>
          <line num="48" count="0" type="stmt"/>
          <line num="50" count="0" type="cond" truecount="0" falsecount="2"/>
          <line num="57" count="0" type="stmt"/>
          <line num="58" count="0" type="stmt"/>
          <line num="59" count="0" type="stmt"/>
          <line num="60" count="0" type="cond" truecount="0" falsecount="2"/>
          <line num="61" count="0" type="stmt"/>
          <line num="62" count="0" type="stmt"/>
          <line num="64" count="0" type="stmt"/>
          <line num="72" count="0" type="stmt"/>
          <line num="73" count="0" type="stmt"/>
          <line num="74" count="0" type="stmt"/>
          <line num="75" count="0" type="stmt"/>
          <line num="76" count="0" type="cond" truecount="0" falsecount="2"/>
          <line num="77" count="0" type="stmt"/>
          <line num="78" count="0" type="stmt"/>
          <line num="80" count="0" type="stmt"/>
          <line num="87" count="0" type="stmt"/>
          <line num="88" count="0" type="stmt"/>
          <line num="89" count="0" type="stmt"/>
          <line num="90" count="0" type="stmt"/>
          <line num="91" count="0" type="cond" truecount="0" falsecount="2"/>
          <line num="92" count="0" type="stmt"/>
          <line num="93" count="0" type="stmt"/>
          <line num="98" count="0" type="stmt"/>
          <line num="105" count="0" type="stmt"/>
          <line num="107" count="0" type="cond" truecount="0" falsecount="4"/>
          <line num="108" count="0" type="stmt"/>
          <line num="110" count="0" type="cond" truecount="0" falsecount="2"/>
          <line num="111" count="0" type="stmt"/>
          <line num="113" count="0" type="stmt"/>
          <line num="117" count="0" type="stmt"/>
          <line num="118" count="0" type="stmt"/>
          <line num="120" count="0" type="stmt"/>
          <line num="121" count="0" type="cond" truecount="0" falsecount="2"/>
          <line num="122" count="0" type="stmt"/>
          <line num="123" count="0" type="stmt"/>
          <line num="125" count="0" type="stmt"/>
          <line num="131" count="68" type="stmt"/>
          <line num="148" count="0" type="stmt"/>
          <line num="149" count="0" type="stmt"/>
          <line num="150" count="0" type="stmt"/>
          <line num="151" count="0" type="cond" truecount="0" falsecount="2"/>
          <line num="152" count="0" type="stmt"/>
          <line num="153" count="0" type="stmt"/>
          <line num="155" count="0" type="stmt"/>
          <line num="174" count="0" type="stmt"/>
          <line num="175" count="0" type="stmt"/>
          <line num="176" count="0" type="stmt"/>
          <line num="177" count="0" type="cond" truecount="0" falsecount="2"/>
          <line num="178" count="0" type="stmt"/>
          <line num="179" count="0" type="stmt"/>
          <line num="181" count="0" type="stmt"/>
        </file>
      </package>
      <package name="domain.connectors.email">
        <metrics statements="22" coveredstatements="2" conditionals="18" coveredconditionals="0" methods="5" coveredmethods="0"/>
        <file name="Email.js" path="/Users/sagegu/Documents/GitHub/sage/ShareCareBackend/src/domain/connectors/email/Email.js">
          <metrics statements="22" coveredstatements="2" conditionals="18" coveredconditionals="0" methods="5" coveredmethods="0"/>
          <line num="8" count="73" type="stmt"/>
          <line num="10" count="73" type="stmt"/>
          <line num="58" count="0" type="stmt"/>
          <line num="59" count="0" type="stmt"/>
          <line num="60" count="0" type="cond" truecount="0" falsecount="5"/>
          <line num="61" count="0" type="stmt"/>
          <line num="64" count="0" type="stmt"/>
          <line num="73" count="0" type="cond" truecount="0" falsecount="3"/>
          <line num="77" count="0" type="stmt"/>
          <line num="81" count="0" type="cond" truecount="0" falsecount="2"/>
          <line num="82" count="0" type="stmt"/>
          <line num="85" count="0" type="cond" truecount="0" falsecount="2"/>
          <line num="86" count="0" type="stmt"/>
          <line num="88" count="0" type="cond" truecount="0" falsecount="2"/>
          <line num="89" count="0" type="stmt"/>
          <line num="92" count="0" type="stmt"/>
          <line num="96" count="0" type="stmt"/>
          <line num="97" count="0" type="stmt"/>
          <line num="99" count="0" type="cond" truecount="0" falsecount="2"/>
          <line num="100" count="0" type="stmt"/>
          <line num="102" count="0" type="stmt"/>
          <line num="106" count="0" type="stmt"/>
        </file>
      </package>
      <package name="domain.connectors.email.transports">
        <metrics statements="10" coveredstatements="1" conditionals="4" coveredconditionals="0" methods="3" coveredmethods="0"/>
        <file name="ses.js" path="/Users/sagegu/Documents/GitHub/sage/ShareCareBackend/src/domain/connectors/email/transports/ses.js">
          <metrics statements="10" coveredstatements="1" conditionals="4" coveredconditionals="0" methods="3" coveredmethods="0"/>
          <line num="23" count="73" type="stmt"/>
          <line num="25" count="0" type="stmt"/>
          <line num="26" count="0" type="stmt"/>
          <line num="27" count="0" type="cond" truecount="0" falsecount="2"/>
          <line num="28" count="0" type="stmt"/>
          <line num="29" count="0" type="stmt"/>
          <line num="31" count="0" type="stmt"/>
          <line num="39" count="0" type="cond" truecount="0" falsecount="2"/>
          <line num="40" count="0" type="stmt"/>
          <line num="46" count="0" type="stmt"/>
        </file>
      </package>
      <package name="domain.connectors.pn">
        <metrics statements="20" coveredstatements="1" conditionals="7" coveredconditionals="0" methods="10" coveredmethods="0"/>
        <file name="Sns.js" path="/Users/sagegu/Documents/GitHub/sage/ShareCareBackend/src/domain/connectors/pn/Sns.js">
          <metrics statements="20" coveredstatements="1" conditionals="7" coveredconditionals="0" methods="10" coveredmethods="0"/>
          <line num="5" count="74" type="stmt"/>
          <line num="15" count="0" type="stmt"/>
          <line num="26" count="0" type="stmt"/>
          <line num="28" count="0" type="stmt"/>
          <line num="29" count="0" type="stmt"/>
          <line num="30" count="0" type="cond" truecount="0" falsecount="2"/>
          <line num="31" count="0" type="stmt"/>
          <line num="33" count="0" type="stmt"/>
          <line num="47" count="0" type="stmt"/>
          <line num="49" count="0" type="stmt"/>
          <line num="50" count="0" type="stmt"/>
          <line num="51" count="0" type="cond" truecount="0" falsecount="2"/>
          <line num="52" count="0" type="stmt"/>
          <line num="54" count="0" type="stmt"/>
          <line num="69" count="0" type="stmt"/>
          <line num="71" count="0" type="stmt"/>
          <line num="72" count="0" type="stmt"/>
          <line num="73" count="0" type="cond" truecount="0" falsecount="2"/>
          <line num="74" count="0" type="stmt"/>
          <line num="76" count="0" type="stmt"/>
        </file>
      </package>
      <package name="domain.connectors.pn.platforms">
        <metrics statements="10" coveredstatements="10" conditionals="0" coveredconditionals="0" methods="0" coveredmethods="0"/>
        <file name="snsAPNS.js" path="/Users/sagegu/Documents/GitHub/sage/ShareCareBackend/src/domain/connectors/pn/platforms/snsAPNS.js">
          <metrics statements="5" coveredstatements="5" conditionals="0" coveredconditionals="0" methods="0" coveredmethods="0"/>
          <line num="8" count="74" type="stmt"/>
          <line num="9" count="74" type="stmt"/>
          <line num="10" count="74" type="stmt"/>
          <line num="11" count="74" type="stmt"/>
          <line num="15" count="74" type="stmt"/>
        </file>
        <file name="snsGCM.js" path="/Users/sagegu/Documents/GitHub/sage/ShareCareBackend/src/domain/connectors/pn/platforms/snsGCM.js">
          <metrics statements="5" coveredstatements="5" conditionals="0" coveredconditionals="0" methods="0" coveredmethods="0"/>
          <line num="8" count="74" type="stmt"/>
          <line num="9" count="74" type="stmt"/>
          <line num="10" count="74" type="stmt"/>
          <line num="11" count="74" type="stmt"/>
          <line num="15" count="74" type="stmt"/>
        </file>
      </package>
      <package name="domain.connectors.s3">
        <metrics statements="83" coveredstatements="14" conditionals="40" coveredconditionals="0" methods="18" coveredmethods="0"/>
        <file name="S3.js" path="/Users/sagegu/Documents/GitHub/sage/ShareCareBackend/src/domain/connectors/s3/S3.js">
          <metrics statements="58" coveredstatements="11" conditionals="36" coveredconditionals="0" methods="16" coveredmethods="0"/>
          <line num="17" count="67" type="stmt"/>
          <line num="18" count="67" type="stmt"/>
          <line num="19" count="67" type="stmt"/>
          <line num="20" count="67" type="stmt"/>
          <line num="21" count="67" type="stmt"/>
          <line num="23" count="67" type="cond" truecount="0" falsecount="1"/>
          <line num="24" count="0" type="stmt"/>
          <line num="25" count="0" type="cond" truecount="0" falsecount="2"/>
          <line num="28" count="0" type="cond" truecount="0" falsecount="2"/>
          <line num="29" count="0" type="cond" truecount="0" falsecount="3"/>
          <line num="30" count="0" type="stmt"/>
          <line num="31" count="0" type="cond" truecount="0" falsecount="3"/>
          <line num="32" count="0" type="cond" truecount="0" falsecount="3"/>
          <line num="34" count="0" type="stmt"/>
          <line num="35" count="0" type="stmt"/>
          <line num="37" count="0" type="stmt"/>
          <line num="39" count="0" type="stmt"/>
          <line num="60" count="0" type="cond" truecount="0" falsecount="2"/>
          <line num="61" count="0" type="stmt"/>
          <line num="62" count="0" type="stmt"/>
          <line num="65" count="0" type="stmt"/>
          <line num="66" count="0" type="stmt"/>
          <line num="67" count="0" type="cond" truecount="0" falsecount="2"/>
          <line num="68" count="0" type="stmt"/>
          <line num="70" count="0" type="stmt"/>
          <line num="81" count="67" type="cond" truecount="0" falsecount="1"/>
          <line num="82" count="0" type="stmt"/>
          <line num="85" count="67" type="stmt"/>
          <line num="86" count="67" type="stmt"/>
          <line num="87" count="67" type="cond" truecount="0" falsecount="1"/>
          <line num="88" count="0" type="stmt"/>
          <line num="89" count="0" type="stmt"/>
          <line num="91" count="0" type="stmt"/>
          <line num="93" count="0" type="stmt"/>
          <line num="94" count="0" type="stmt"/>
          <line num="95" count="0" type="stmt"/>
          <line num="96" count="0" type="stmt"/>
          <line num="98" count="0" type="cond" truecount="0" falsecount="2"/>
          <line num="99" count="0" type="stmt"/>
          <line num="102" count="0" type="stmt"/>
          <line num="105" count="0" type="cond" truecount="0" falsecount="2"/>
          <line num="109" count="67" type="stmt"/>
          <line num="110" count="0" type="stmt"/>
          <line num="114" count="0" type="stmt"/>
          <line num="115" count="0" type="stmt"/>
          <line num="116" count="0" type="cond" truecount="0" falsecount="2"/>
          <line num="117" count="0" type="stmt"/>
          <line num="123" count="0" type="stmt"/>
          <line num="124" count="0" type="stmt"/>
          <line num="125" count="0" type="cond" truecount="0" falsecount="2"/>
          <line num="126" count="0" type="stmt"/>
          <line num="132" count="0" type="cond" truecount="0" falsecount="3"/>
          <line num="133" count="0" type="stmt"/>
          <line num="141" count="0" type="stmt"/>
          <line num="142" count="0" type="stmt"/>
          <line num="143" count="0" type="cond" truecount="0" falsecount="2"/>
          <line num="144" count="0" type="stmt"/>
          <line num="146" count="0" type="stmt"/>
        </file>
        <file name="index.js" path="/Users/sagegu/Documents/GitHub/sage/ShareCareBackend/src/domain/connectors/s3/index.js">
          <metrics statements="25" coveredstatements="3" conditionals="4" coveredconditionals="0" methods="2" coveredmethods="0"/>
          <line num="6" count="67" type="stmt"/>
          <line num="8" count="67" type="stmt"/>
          <line num="9" count="0" type="cond" truecount="0" falsecount="2"/>
          <line num="13" count="67" type="stmt"/>
          <line num="19" count="0" type="cond" truecount="0" falsecount="2"/>
          <line num="20" count="0" type="stmt"/>
          <line num="22" count="0" type="stmt"/>
          <line num="28" count="0" type="stmt"/>
          <line num="29" count="0" type="stmt"/>
          <line num="30" count="0" type="stmt"/>
          <line num="34" count="0" type="stmt"/>
          <line num="39" count="0" type="stmt"/>
          <line num="43" count="0" type="stmt"/>
          <line num="44" count="0" type="stmt"/>
          <line num="45" count="0" type="stmt"/>
          <line num="49" count="0" type="stmt"/>
          <line num="54" count="0" type="stmt"/>
          <line num="58" count="0" type="stmt"/>
          <line num="59" count="0" type="stmt"/>
          <line num="60" count="0" type="stmt"/>
          <line num="64" count="0" type="stmt"/>
          <line num="69" count="0" type="stmt"/>
          <line num="73" count="0" type="stmt"/>
          <line num="74" count="0" type="stmt"/>
          <line num="75" count="0" type="stmt"/>
        </file>
      </package>
      <package name="domain.connectors.s3.buckets">
        <metrics statements="4" coveredstatements="4" conditionals="0" coveredconditionals="0" methods="0" coveredmethods="0"/>
        <file name="files-processed.js" path="/Users/sagegu/Documents/GitHub/sage/ShareCareBackend/src/domain/connectors/s3/buckets/files-processed.js">
          <metrics statements="1" coveredstatements="1" conditionals="0" coveredconditionals="0" methods="0" coveredmethods="0"/>
          <line num="1" count="67" type="stmt"/>
        </file>
        <file name="files-upload.js" path="/Users/sagegu/Documents/GitHub/sage/ShareCareBackend/src/domain/connectors/s3/buckets/files-upload.js">
          <metrics statements="1" coveredstatements="1" conditionals="0" coveredconditionals="0" methods="0" coveredmethods="0"/>
          <line num="1" count="67" type="stmt"/>
        </file>
        <file name="images-processed.js" path="/Users/sagegu/Documents/GitHub/sage/ShareCareBackend/src/domain/connectors/s3/buckets/images-processed.js">
          <metrics statements="1" coveredstatements="1" conditionals="0" coveredconditionals="0" methods="0" coveredmethods="0"/>
          <line num="2" count="67" type="stmt"/>
        </file>
        <file name="images-upload.js" path="/Users/sagegu/Documents/GitHub/sage/ShareCareBackend/src/domain/connectors/s3/buckets/images-upload.js">
          <metrics statements="1" coveredstatements="1" conditionals="0" coveredconditionals="0" methods="0" coveredmethods="0"/>
          <line num="2" count="67" type="stmt"/>
        </file>
        <file name="index.js" path="/Users/sagegu/Documents/GitHub/sage/ShareCareBackend/src/domain/connectors/s3/buckets/index.js">
          <metrics statements="0" coveredstatements="0" conditionals="0" coveredconditionals="0" methods="0" coveredmethods="0"/>
        </file>
      </package>
      <package name="domain.connectors.sms">
        <metrics statements="14" coveredstatements="1" conditionals="11" coveredconditionals="0" methods="4" coveredmethods="0"/>
        <file name="Sms.js" path="/Users/sagegu/Documents/GitHub/sage/ShareCareBackend/src/domain/connectors/sms/Sms.js">
          <metrics statements="14" coveredstatements="1" conditionals="11" coveredconditionals="0" methods="4" coveredmethods="0"/>
          <line num="8" count="74" type="stmt"/>
          <line num="29" count="0" type="stmt"/>
          <line num="30" count="0" type="cond" truecount="0" falsecount="2"/>
          <line num="32" count="0" type="cond" truecount="0" falsecount="2"/>
          <line num="33" count="0" type="stmt"/>
          <line num="35" count="0" type="cond" truecount="0" falsecount="2"/>
          <line num="36" count="0" type="stmt"/>
          <line num="39" count="0" type="stmt"/>
          <line num="40" count="0" type="stmt"/>
          <line num="49" count="0" type="cond" truecount="0" falsecount="3"/>
          <line num="53" count="0" type="stmt"/>
          <line num="57" count="0" type="cond" truecount="0" falsecount="2"/>
          <line num="58" count="0" type="stmt"/>
          <line num="60" count="0" type="stmt"/>
        </file>
      </package>
      <package name="domain.connectors.sms.providers">
        <metrics statements="26" coveredstatements="5" conditionals="8" coveredconditionals="0" methods="6" coveredmethods="0"/>
        <file name="aws.js" path="/Users/sagegu/Documents/GitHub/sage/ShareCareBackend/src/domain/connectors/sms/providers/aws.js">
          <metrics statements="14" coveredstatements="4" conditionals="4" coveredconditionals="0" methods="3" coveredmethods="0"/>
          <line num="5" count="74" type="stmt"/>
          <line num="6" count="74" type="stmt"/>
          <line num="7" count="74" type="stmt"/>
          <line num="16" count="74" type="stmt"/>
          <line num="23" count="0" type="stmt"/>
          <line num="33" count="0" type="stmt"/>
          <line num="34" count="0" type="stmt"/>
          <line num="35" count="0" type="cond" truecount="0" falsecount="2"/>
          <line num="36" count="0" type="stmt"/>
          <line num="37" count="0" type="stmt"/>
          <line num="39" count="0" type="stmt"/>
          <line num="46" count="0" type="cond" truecount="0" falsecount="2"/>
          <line num="47" count="0" type="stmt"/>
          <line num="54" count="0" type="stmt"/>
        </file>
        <file name="twilio.js" path="/Users/sagegu/Documents/GitHub/sage/ShareCareBackend/src/domain/connectors/sms/providers/twilio.js">
          <metrics statements="12" coveredstatements="1" conditionals="4" coveredconditionals="0" methods="3" coveredmethods="0"/>
          <line num="8" count="74" type="stmt"/>
          <line num="20" count="0" type="stmt"/>
          <line num="22" count="0" type="stmt"/>
          <line num="23" count="0" type="stmt"/>
          <line num="27" count="0" type="cond" truecount="0" falsecount="2"/>
          <line num="28" count="0" type="stmt"/>
          <line num="29" count="0" type="stmt"/>
          <line num="31" count="0" type="stmt"/>
          <line num="39" count="0" type="cond" truecount="0" falsecount="2"/>
          <line num="40" count="0" type="stmt"/>
          <line num="42" count="0" type="stmt"/>
          <line num="43" count="0" type="stmt"/>
        </file>
      </package>
      <package name="domain.data">
        <metrics statements="353" coveredstatements="23" conditionals="273" coveredconditionals="11" methods="48" coveredmethods="7"/>
        <file name="Auth.js" path="/Users/sagegu/Documents/GitHub/sage/ShareCareBackend/src/domain/data/Auth.js">
          <metrics statements="6" coveredstatements="1" conditionals="7" coveredconditionals="0" methods="2" coveredmethods="1"/>
          <line num="8" count="66" type="stmt"/>
          <line num="14" count="0" type="cond" truecount="0" falsecount="2"/>
          <line num="15" count="0" type="stmt"/>
          <line num="17" count="0" type="cond" truecount="0" falsecount="4"/>
          <line num="18" count="0" type="stmt"/>
          <line num="21" count="0" type="stmt"/>
        </file>
        <file name="DataMan.js" path="/Users/sagegu/Documents/GitHub/sage/ShareCareBackend/src/domain/data/DataMan.js">
          <metrics statements="167" coveredstatements="11" conditionals="126" coveredconditionals="4" methods="23" coveredmethods="2"/>
          <line num="27" count="0" type="cond" truecount="0" falsecount="2"/>
          <line num="34" count="0" type="stmt"/>
          <line num="35" count="0" type="cond" truecount="0" falsecount="2"/>
          <line num="37" count="0" type="cond" truecount="0" falsecount="2"/>
          <line num="38" count="0" type="stmt"/>
          <line num="41" count="0" type="stmt"/>
          <line num="42" count="0" type="stmt"/>
          <line num="43" count="0" type="stmt"/>
          <line num="44" count="0" type="stmt"/>
          <line num="46" count="0" type="stmt"/>
          <line num="48" count="0" type="stmt"/>
          <line num="49" count="0" type="stmt"/>
          <line num="52" count="0" type="cond" truecount="0" falsecount="2"/>
          <line num="53" count="0" type="stmt"/>
          <line num="54" count="0" type="stmt"/>
          <line num="57" count="0" type="stmt"/>
          <line num="61" count="0" type="cond" truecount="0" falsecount="2"/>
          <line num="62" count="0" type="stmt"/>
          <line num="63" count="0" type="stmt"/>
          <line num="64" count="0" type="stmt"/>
          <line num="67" count="0" type="stmt"/>
          <line num="77" count="0" type="cond" truecount="0" falsecount="3"/>
          <line num="78" count="0" type="stmt"/>
          <line num="79" count="0" type="cond" truecount="0" falsecount="2"/>
          <line num="81" count="0" type="stmt"/>
          <line num="82" count="0" type="cond" truecount="0" falsecount="2"/>
          <line num="83" count="0" type="cond" truecount="0" falsecount="2"/>
          <line num="84" count="0" type="cond" truecount="0" falsecount="2"/>
          <line num="85" count="0" type="cond" truecount="0" falsecount="2"/>
          <line num="87" count="0" type="stmt"/>
          <line num="90" count="0" type="cond" truecount="0" falsecount="2"/>
          <line num="100" count="0" type="cond" truecount="0" falsecount="2"/>
          <line num="101" count="0" type="stmt"/>
          <line num="102" count="0" type="cond" truecount="0" falsecount="2"/>
          <line num="104" count="0" type="stmt"/>
          <line num="105" count="0" type="cond" truecount="0" falsecount="2"/>
          <line num="106" count="0" type="cond" truecount="0" falsecount="2"/>
          <line num="107" count="0" type="cond" truecount="0" falsecount="2"/>
          <line num="109" count="0" type="stmt"/>
          <line num="121" count="0" type="cond" truecount="0" falsecount="2"/>
          <line num="122" count="0" type="stmt"/>
          <line num="123" count="0" type="cond" truecount="0" falsecount="2"/>
          <line num="125" count="0" type="stmt"/>
          <line num="126" count="0" type="cond" truecount="0" falsecount="2"/>
          <line num="128" count="0" type="stmt"/>
          <line num="133" count="0" type="stmt"/>
          <line num="134" count="0" type="cond" truecount="0" falsecount="2"/>
          <line num="147" count="0" type="cond" truecount="0" falsecount="2"/>
          <line num="148" count="0" type="stmt"/>
          <line num="150" count="0" type="stmt"/>
          <line num="151" count="0" type="cond" truecount="0" falsecount="2"/>
          <line num="152" count="0" type="stmt"/>
          <line num="154" count="0" type="cond" truecount="0" falsecount="2"/>
          <line num="155" count="0" type="stmt"/>
          <line num="158" count="0" type="stmt"/>
          <line num="171" count="0" type="stmt"/>
          <line num="172" count="0" type="stmt"/>
          <line num="173" count="0" type="stmt"/>
          <line num="184" count="0" type="cond" truecount="0" falsecount="2"/>
          <line num="185" count="0" type="stmt"/>
          <line num="186" count="0" type="cond" truecount="0" falsecount="2"/>
          <line num="188" count="0" type="cond" truecount="0" falsecount="4"/>
          <line num="189" count="0" type="stmt"/>
          <line num="191" count="0" type="stmt"/>
          <line num="192" count="0" type="cond" truecount="0" falsecount="4"/>
          <line num="195" count="0" type="stmt"/>
          <line num="197" count="0" type="cond" truecount="0" falsecount="2"/>
          <line num="199" count="0" type="stmt"/>
          <line num="202" count="0" type="cond" truecount="0" falsecount="4"/>
          <line num="203" count="0" type="stmt"/>
          <line num="204" count="0" type="stmt"/>
          <line num="208" count="0" type="stmt"/>
          <line num="210" count="0" type="stmt"/>
          <line num="220" count="0" type="cond" truecount="0" falsecount="2"/>
          <line num="221" count="0" type="cond" truecount="0" falsecount="2"/>
          <line num="222" count="0" type="stmt"/>
          <line num="224" count="0" type="stmt"/>
          <line num="225" count="0" type="stmt"/>
          <line num="226" count="0" type="stmt"/>
          <line num="227" count="0" type="stmt"/>
          <line num="229" count="0" type="stmt"/>
          <line num="239" count="0" type="cond" truecount="0" falsecount="2"/>
          <line num="240" count="0" type="stmt"/>
          <line num="241" count="0" type="cond" truecount="0" falsecount="4"/>
          <line num="243" count="0" type="cond" truecount="0" falsecount="4"/>
          <line num="244" count="0" type="stmt"/>
          <line num="245" count="0" type="stmt"/>
          <line num="249" count="0" type="stmt"/>
          <line num="251" count="0" type="stmt"/>
          <line num="252" count="0" type="stmt"/>
          <line num="254" count="0" type="stmt"/>
          <line num="263" count="0" type="cond" truecount="0" falsecount="2"/>
          <line num="264" count="0" type="stmt"/>
          <line num="265" count="0" type="stmt"/>
          <line num="266" count="0" type="stmt"/>
          <line num="267" count="0" type="stmt"/>
          <line num="268" count="0" type="stmt"/>
          <line num="269" count="0" type="stmt"/>
          <line num="272" count="0" type="stmt"/>
          <line num="283" count="5" type="cond" truecount="1" falsecount="1"/>
          <line num="284" count="5" type="stmt"/>
          <line num="285" count="5" type="cond" truecount="1" falsecount="1"/>
          <line num="286" count="5" type="stmt"/>
          <line num="295" count="5" type="stmt"/>
          <line num="296" count="5" type="stmt"/>
          <line num="298" count="5" type="cond" truecount="1" falsecount="1"/>
          <line num="299" count="5" type="stmt"/>
          <line num="302" count="0" type="stmt"/>
          <line num="306" count="0" type="cond" truecount="0" falsecount="2"/>
          <line num="307" count="0" type="stmt"/>
          <line num="308" count="0" type="stmt"/>
          <line num="309" count="0" type="stmt"/>
          <line num="310" count="0" type="stmt"/>
          <line num="312" count="0" type="stmt"/>
          <line num="322" count="0" type="cond" truecount="0" falsecount="2"/>
          <line num="323" count="0" type="stmt"/>
          <line num="324" count="0" type="cond" truecount="0" falsecount="2"/>
          <line num="326" count="0" type="stmt"/>
          <line num="328" count="0" type="stmt"/>
          <line num="343" count="0" type="cond" truecount="0" falsecount="2"/>
          <line num="344" count="0" type="stmt"/>
          <line num="346" count="0" type="stmt"/>
          <line num="347" count="0" type="stmt"/>
          <line num="348" count="0" type="stmt"/>
          <line num="349" count="0" type="stmt"/>
          <line num="352" count="0" type="stmt"/>
          <line num="353" count="0" type="cond" truecount="0" falsecount="2"/>
          <line num="354" count="0" type="stmt"/>
          <line num="366" count="0" type="cond" truecount="0" falsecount="2"/>
          <line num="367" count="0" type="stmt"/>
          <line num="368" count="0" type="stmt"/>
          <line num="370" count="0" type="stmt"/>
          <line num="372" count="0" type="stmt"/>
          <line num="373" count="0" type="stmt"/>
          <line num="376" count="0" type="cond" truecount="0" falsecount="2"/>
          <line num="377" count="0" type="stmt"/>
          <line num="380" count="0" type="stmt"/>
          <line num="384" count="0" type="cond" truecount="0" falsecount="2"/>
          <line num="385" count="0" type="stmt"/>
          <line num="388" count="0" type="cond" truecount="0" falsecount="2"/>
          <line num="389" count="0" type="stmt"/>
          <line num="390" count="0" type="stmt"/>
          <line num="391" count="0" type="stmt"/>
          <line num="392" count="0" type="stmt"/>
          <line num="395" count="0" type="stmt"/>
          <line num="399" count="0" type="cond" truecount="0" falsecount="2"/>
          <line num="400" count="0" type="stmt"/>
          <line num="402" count="0" type="stmt"/>
          <line num="409" count="5" type="stmt"/>
          <line num="410" count="5" type="cond" truecount="1" falsecount="1"/>
          <line num="411" count="5" type="stmt"/>
          <line num="415" count="0" type="stmt"/>
          <line num="416" count="0" type="cond" truecount="0" falsecount="4"/>
          <line num="417" count="0" type="stmt"/>
          <line num="419" count="0" type="stmt"/>
          <line num="423" count="0" type="cond" truecount="0" falsecount="5"/>
          <line num="424" count="0" type="stmt"/>
          <line num="426" count="0" type="stmt"/>
          <line num="427" count="0" type="cond" truecount="0" falsecount="4"/>
          <line num="428" count="0" type="stmt"/>
          <line num="430" count="0" type="stmt"/>
          <line num="434" count="0" type="cond" truecount="0" falsecount="2"/>
          <line num="435" count="0" type="stmt"/>
          <line num="436" count="0" type="stmt"/>
          <line num="438" count="0" type="stmt"/>
          <line num="442" count="0" type="stmt"/>
          <line num="443" count="0" type="stmt"/>
        </file>
        <file name="DataManager.js" path="/Users/sagegu/Documents/GitHub/sage/ShareCareBackend/src/domain/data/DataManager.js">
          <metrics statements="180" coveredstatements="11" conditionals="140" coveredconditionals="7" methods="23" coveredmethods="4"/>
          <line num="17" count="1690" type="stmt"/>
          <line num="18" count="0" type="cond" truecount="0" falsecount="2"/>
          <line num="20" count="1690" type="stmt"/>
          <line num="21" count="1" type="cond" truecount="2" falsecount="0"/>
          <line num="23" count="1690" type="stmt"/>
          <line num="24" count="1" type="cond" truecount="1" falsecount="1"/>
          <line num="26" count="1690" type="stmt"/>
          <line num="27" count="0" type="cond" truecount="0" falsecount="2"/>
          <line num="28" count="0" type="stmt"/>
          <line num="29" count="0" type="stmt"/>
          <line num="31" count="0" type="stmt"/>
          <line num="34" count="1690" type="stmt"/>
          <line num="43" count="0" type="stmt"/>
          <line num="45" count="0" type="cond" truecount="0" falsecount="2"/>
          <line num="46" count="0" type="stmt"/>
          <line num="49" count="0" type="stmt"/>
          <line num="50" count="0" type="stmt"/>
          <line num="51" count="0" type="stmt"/>
          <line num="53" count="0" type="cond" truecount="0" falsecount="2"/>
          <line num="54" count="0" type="stmt"/>
          <line num="57" count="0" type="stmt"/>
          <line num="59" count="0" type="stmt"/>
          <line num="60" count="0" type="stmt"/>
          <line num="63" count="0" type="cond" truecount="0" falsecount="2"/>
          <line num="64" count="0" type="stmt"/>
          <line num="67" count="0" type="stmt"/>
          <line num="71" count="0" type="cond" truecount="0" falsecount="2"/>
          <line num="72" count="0" type="stmt"/>
          <line num="73" count="0" type="stmt"/>
          <line num="76" count="0" type="stmt"/>
          <line num="86" count="0" type="cond" truecount="0" falsecount="2"/>
          <line num="87" count="0" type="cond" truecount="0" falsecount="2"/>
          <line num="89" count="0" type="cond" truecount="0" falsecount="2"/>
          <line num="90" count="0" type="stmt"/>
          <line num="93" count="0" type="stmt"/>
          <line num="94" count="0" type="cond" truecount="0" falsecount="2"/>
          <line num="95" count="0" type="cond" truecount="0" falsecount="2"/>
          <line num="96" count="0" type="cond" truecount="0" falsecount="2"/>
          <line num="98" count="0" type="stmt"/>
          <line num="102" count="0" type="stmt"/>
          <line num="112" count="0" type="cond" truecount="0" falsecount="2"/>
          <line num="113" count="0" type="cond" truecount="0" falsecount="2"/>
          <line num="115" count="0" type="cond" truecount="0" falsecount="2"/>
          <line num="116" count="0" type="stmt"/>
          <line num="119" count="0" type="stmt"/>
          <line num="120" count="0" type="cond" truecount="0" falsecount="2"/>
          <line num="121" count="0" type="cond" truecount="0" falsecount="2"/>
          <line num="123" count="0" type="stmt"/>
          <line num="135" count="0" type="cond" truecount="0" falsecount="2"/>
          <line num="136" count="0" type="cond" truecount="0" falsecount="2"/>
          <line num="138" count="0" type="cond" truecount="0" falsecount="2"/>
          <line num="139" count="0" type="stmt"/>
          <line num="142" count="0" type="stmt"/>
          <line num="143" count="0" type="cond" truecount="0" falsecount="2"/>
          <line num="145" count="0" type="stmt"/>
          <line num="150" count="0" type="stmt"/>
          <line num="151" count="0" type="cond" truecount="0" falsecount="2"/>
          <line num="164" count="0" type="cond" truecount="0" falsecount="2"/>
          <line num="166" count="0" type="cond" truecount="0" falsecount="2"/>
          <line num="167" count="0" type="stmt"/>
          <line num="170" count="0" type="stmt"/>
          <line num="171" count="0" type="cond" truecount="0" falsecount="2"/>
          <line num="172" count="0" type="stmt"/>
          <line num="174" count="0" type="stmt"/>
          <line num="187" count="0" type="stmt"/>
          <line num="188" count="0" type="stmt"/>
          <line num="200" count="1" type="cond" truecount="1" falsecount="1"/>
          <line num="201" count="1" type="stmt"/>
          <line num="203" count="1" type="cond" truecount="3" falsecount="1"/>
          <line num="204" count="1" type="stmt"/>
          <line num="206" count="0" type="stmt"/>
          <line num="207" count="0" type="cond" truecount="0" falsecount="4"/>
          <line num="209" count="0" type="cond" truecount="0" falsecount="2"/>
          <line num="210" count="0" type="stmt"/>
          <line num="214" count="0" type="stmt"/>
          <line num="216" count="0" type="cond" truecount="0" falsecount="2"/>
          <line num="218" count="0" type="stmt"/>
          <line num="221" count="0" type="cond" truecount="0" falsecount="5"/>
          <line num="222" count="0" type="stmt"/>
          <line num="223" count="0" type="stmt"/>
          <line num="227" count="0" type="stmt"/>
          <line num="229" count="0" type="stmt"/>
          <line num="239" count="0" type="cond" truecount="0" falsecount="2"/>
          <line num="240" count="0" type="stmt"/>
          <line num="241" count="0" type="stmt"/>
          <line num="242" count="0" type="stmt"/>
          <line num="243" count="0" type="stmt"/>
          <line num="245" count="0" type="stmt"/>
          <line num="255" count="0" type="cond" truecount="0" falsecount="2"/>
          <line num="256" count="0" type="cond" truecount="0" falsecount="4"/>
          <line num="258" count="0" type="cond" truecount="0" falsecount="2"/>
          <line num="259" count="0" type="stmt"/>
          <line num="262" count="0" type="cond" truecount="0" falsecount="4"/>
          <line num="263" count="0" type="stmt"/>
          <line num="264" count="0" type="stmt"/>
          <line num="268" count="0" type="stmt"/>
          <line num="270" count="0" type="stmt"/>
          <line num="271" count="0" type="stmt"/>
          <line num="273" count="0" type="stmt"/>
          <line num="282" count="0" type="cond" truecount="0" falsecount="2"/>
          <line num="283" count="0" type="stmt"/>
          <line num="284" count="0" type="stmt"/>
          <line num="285" count="0" type="stmt"/>
          <line num="286" count="0" type="stmt"/>
          <line num="287" count="0" type="stmt"/>
          <line num="288" count="0" type="stmt"/>
          <line num="291" count="0" type="stmt"/>
          <line num="302" count="0" type="cond" truecount="0" falsecount="2"/>
          <line num="303" count="0" type="cond" truecount="0" falsecount="2"/>
          <line num="304" count="0" type="stmt"/>
          <line num="306" count="0" type="cond" truecount="0" falsecount="2"/>
          <line num="307" count="0" type="stmt"/>
          <line num="314" count="0" type="cond" truecount="0" falsecount="5"/>
          <line num="315" count="0" type="stmt"/>
          <line num="316" count="0" type="stmt"/>
          <line num="321" count="0" type="stmt"/>
          <line num="322" count="0" type="stmt"/>
          <line num="324" count="0" type="cond" truecount="0" falsecount="2"/>
          <line num="325" count="0" type="stmt"/>
          <line num="328" count="0" type="stmt"/>
          <line num="332" count="0" type="cond" truecount="0" falsecount="2"/>
          <line num="333" count="0" type="stmt"/>
          <line num="334" count="0" type="stmt"/>
          <line num="335" count="0" type="stmt"/>
          <line num="337" count="0" type="stmt"/>
          <line num="348" count="0" type="cond" truecount="0" falsecount="4"/>
          <line num="350" count="0" type="cond" truecount="0" falsecount="2"/>
          <line num="351" count="0" type="cond" truecount="0" falsecount="2"/>
          <line num="352" count="0" type="stmt"/>
          <line num="355" count="0" type="cond" truecount="0" falsecount="2"/>
          <line num="356" count="0" type="stmt"/>
          <line num="359" count="0" type="stmt"/>
          <line num="361" count="0" type="stmt"/>
          <line num="362" count="0" type="stmt"/>
          <line num="364" count="0" type="stmt"/>
          <line num="365" count="0" type="cond" truecount="0" falsecount="2"/>
          <line num="366" count="0" type="stmt"/>
          <line num="368" count="0" type="stmt"/>
          <line num="371" count="0" type="stmt"/>
          <line num="375" count="0" type="cond" truecount="0" falsecount="2"/>
          <line num="377" count="0" type="stmt"/>
          <line num="379" count="0" type="stmt"/>
          <line num="390" count="0" type="cond" truecount="0" falsecount="2"/>
          <line num="391" count="0" type="stmt"/>
          <line num="392" count="0" type="stmt"/>
          <line num="394" count="0" type="cond" truecount="0" falsecount="2"/>
          <line num="395" count="0" type="stmt"/>
          <line num="398" count="0" type="stmt"/>
          <line num="400" count="0" type="stmt"/>
          <line num="413" count="0" type="cond" truecount="0" falsecount="2"/>
          <line num="415" count="0" type="cond" truecount="0" falsecount="2"/>
          <line num="416" count="0" type="stmt"/>
          <line num="419" count="0" type="stmt"/>
          <line num="420" count="0" type="stmt"/>
          <line num="421" count="0" type="stmt"/>
          <line num="423" count="0" type="stmt"/>
          <line num="426" count="0" type="cond" truecount="0" falsecount="2"/>
          <line num="427" count="0" type="stmt"/>
          <line num="439" count="0" type="cond" truecount="0" falsecount="2"/>
          <line num="440" count="0" type="stmt"/>
          <line num="441" count="0" type="stmt"/>
          <line num="447" count="0" type="cond" truecount="0" falsecount="2"/>
          <line num="448" count="0" type="stmt"/>
          <line num="450" count="0" type="stmt"/>
          <line num="451" count="0" type="stmt"/>
          <line num="454" count="0" type="cond" truecount="0" falsecount="2"/>
          <line num="455" count="0" type="stmt"/>
          <line num="459" count="0" type="stmt"/>
          <line num="463" count="0" type="cond" truecount="0" falsecount="2"/>
          <line num="464" count="0" type="stmt"/>
          <line num="467" count="0" type="cond" truecount="0" falsecount="2"/>
          <line num="468" count="0" type="cond" truecount="0" falsecount="2"/>
          <line num="469" count="0" type="stmt"/>
          <line num="470" count="0" type="stmt"/>
          <line num="471" count="0" type="stmt"/>
          <line num="472" count="0" type="stmt"/>
          <line num="474" count="0" type="stmt"/>
          <line num="477" count="0" type="stmt"/>
          <line num="482" count="0" type="stmt"/>
          <line num="483" count="0" type="stmt"/>
        </file>
      </package>
      <package name="domain.data.Assessment">
        <metrics statements="1" coveredstatements="1" conditionals="0" coveredconditionals="0" methods="0" coveredmethods="0"/>
        <file name="AssessmentDM.js" path="/Users/sagegu/Documents/GitHub/sage/ShareCareBackend/src/domain/data/Assessment/AssessmentDM.js">
          <metrics statements="1" coveredstatements="1" conditionals="0" coveredconditionals="0" methods="0" coveredmethods="0"/>
          <line num="7" count="66" type="stmt"/>
        </file>
      </package>
      <package name="domain.data.AssessmentFilled">
        <metrics statements="1" coveredstatements="1" conditionals="0" coveredconditionals="0" methods="0" coveredmethods="0"/>
        <file name="AssessmentFilledDM.js" path="/Users/sagegu/Documents/GitHub/sage/ShareCareBackend/src/domain/data/AssessmentFilled/AssessmentFilledDM.js">
          <metrics statements="1" coveredstatements="1" conditionals="0" coveredconditionals="0" methods="0" coveredmethods="0"/>
          <line num="7" count="66" type="stmt"/>
        </file>
      </package>
      <package name="domain.data.EnrolledProgram">
        <metrics statements="2" coveredstatements="2" conditionals="0" coveredconditionals="0" methods="0" coveredmethods="0"/>
        <file name="EnrolledProgramDM.js" path="/Users/sagegu/Documents/GitHub/sage/ShareCareBackend/src/domain/data/EnrolledProgram/EnrolledProgramDM.js">
          <metrics statements="2" coveredstatements="2" conditionals="0" coveredconditionals="0" methods="0" coveredmethods="0"/>
          <line num="7" count="61" type="stmt"/>
          <line num="8" count="61" type="stmt"/>
        </file>
      </package>
      <package name="domain.data.Measure">
        <metrics statements="15" coveredstatements="11" conditionals="4" coveredconditionals="0" methods="1" coveredmethods="0"/>
        <file name="MeasureDM.js" path="/Users/sagegu/Documents/GitHub/sage/ShareCareBackend/src/domain/data/Measure/MeasureDM.js">
          <metrics statements="15" coveredstatements="11" conditionals="4" coveredconditionals="0" methods="1" coveredmethods="0"/>
          <line num="7" count="57" type="stmt"/>
          <line num="8" count="57" type="stmt"/>
          <line num="10" count="57" type="stmt"/>
          <line num="11" count="0" type="cond" truecount="0" falsecount="2"/>
          <line num="12" count="0" type="stmt"/>
          <line num="14" count="0" type="cond" truecount="0" falsecount="2"/>
          <line num="16" count="0" type="stmt"/>
          <line num="20" count="57" type="stmt"/>
          <line num="27" count="57" type="stmt"/>
          <line num="34" count="57" type="stmt"/>
          <line num="41" count="57" type="stmt"/>
          <line num="48" count="57" type="stmt"/>
          <line num="55" count="57" type="stmt"/>
          <line num="62" count="57" type="stmt"/>
          <line num="69" count="57" type="stmt"/>
        </file>
      </package>
      <package name="domain.data.Organization">
        <metrics statements="0" coveredstatements="0" conditionals="0" coveredconditionals="0" methods="0" coveredmethods="0"/>
        <file name="OrganizationDM.js" path="/Users/sagegu/Documents/GitHub/sage/ShareCareBackend/src/domain/data/Organization/OrganizationDM.js">
          <metrics statements="0" coveredstatements="0" conditionals="0" coveredconditionals="0" methods="0" coveredmethods="0"/>
        </file>
      </package>
      <package name="domain.data.ProviderNote">
        <metrics statements="7" coveredstatements="2" conditionals="8" coveredconditionals="0" methods="2" coveredmethods="0"/>
        <file name="ProviderNoteDM.js" path="/Users/sagegu/Documents/GitHub/sage/ShareCareBackend/src/domain/data/ProviderNote/ProviderNoteDM.js">
          <metrics statements="7" coveredstatements="2" conditionals="8" coveredconditionals="0" methods="2" coveredmethods="0"/>
          <line num="7" count="66" type="stmt"/>
          <line num="8" count="0" type="cond" truecount="0" falsecount="4"/>
          <line num="9" count="0" type="stmt"/>
          <line num="13" count="66" type="stmt"/>
          <line num="14" count="0" type="cond" truecount="0" falsecount="4"/>
          <line num="16" count="0" type="stmt"/>
          <line num="18" count="0" type="stmt"/>
        </file>
      </package>
      <package name="domain.data.Redis">
        <metrics statements="99" coveredstatements="85" conditionals="71" coveredconditionals="53" methods="27" coveredmethods="24"/>
        <file name="RedisDAL.js" path="/Users/sagegu/Documents/GitHub/sage/ShareCareBackend/src/domain/data/Redis/RedisDAL.js">
          <metrics statements="0" coveredstatements="0" conditionals="0" coveredconditionals="0" methods="0" coveredmethods="0"/>
        </file>
        <file name="_expiration.js" path="/Users/sagegu/Documents/GitHub/sage/ShareCareBackend/src/domain/data/Redis/_expiration.js">
          <metrics statements="12" coveredstatements="11" conditionals="18" coveredconditionals="16" methods="1" coveredmethods="1"/>
          <line num="16" count="77" type="stmt"/>
          <line num="17" count="77" type="stmt"/>
          <line num="38" count="14" type="cond" truecount="2" falsecount="0"/>
          <line num="39" count="13" type="cond" truecount="2" falsecount="0"/>
          <line num="40" count="4" type="cond" truecount="1" falsecount="1"/>
          <line num="41" count="4" type="stmt"/>
          <line num="42" count="4" type="cond" truecount="2" falsecount="0"/>
          <line num="43" count="1" type="stmt"/>
          <line num="48" count="14" type="cond" truecount="3" falsecount="0"/>
          <line num="49" count="14" type="cond" truecount="4" falsecount="1"/>
          <line num="50" count="0" type="stmt"/>
[...]
        <file name="_utils.js" path="/Users/sagegu/Documents/GitHub/sage/ShareCareBackend/src/lib/mongooseCursor/_utils.js">
          <metrics statements="41" coveredstatements="2" conditionals="24" coveredconditionals="0" methods="6" coveredmethods="0"/>
          <line num="10" count="82" type="stmt"/>
          <line num="16" count="0" type="stmt"/>
          <line num="26" count="0" type="cond" truecount="0" falsecount="2"/>
          <line num="27" count="0" type="stmt"/>
          <line num="29" count="0" type="stmt"/>
          <line num="30" count="0" type="cond" truecount="0" falsecount="2"/>
          <line num="37" count="0" type="stmt"/>
          <line num="42" count="0" type="cond" truecount="0" falsecount="2"/>
          <line num="43" count="0" type="stmt"/>
          <line num="44" count="0" type="stmt"/>
          <line num="45" count="0" type="stmt"/>
          <line num="46" count="0" type="stmt"/>
          <line num="48" count="0" type="stmt"/>
          <line num="49" count="0" type="stmt"/>
          <line num="51" count="0" type="stmt"/>
          <line num="52" count="0" type="stmt"/>
          <line num="54" count="0" type="cond" truecount="0" falsecount="2"/>
          <line num="55" count="0" type="stmt"/>
          <line num="57" count="0" type="cond" truecount="0" falsecount="2"/>
          <line num="58" count="0" type="stmt"/>
          <line num="61" count="0" type="stmt"/>
          <line num="62" count="0" type="stmt"/>
          <line num="64" count="0" type="stmt"/>
          <line num="75" count="0" type="stmt"/>
          <line num="76" count="0" type="stmt"/>
          <line num="77" count="0" type="stmt"/>
          <line num="78" count="0" type="stmt"/>
          <line num="80" count="0" type="stmt"/>
          <line num="81" count="0" type="stmt"/>
          <line num="82" count="0" type="stmt"/>
          <line num="83" count="0" type="stmt"/>
          <line num="84" count="0" type="stmt"/>
          <line num="87" count="0" type="cond" truecount="0" falsecount="2"/>
          <line num="89" count="0" type="stmt"/>
          <line num="90" count="0" type="stmt"/>
          <line num="96" count="0" type="stmt"/>
          <line num="97" count="0" type="stmt"/>
          <line num="98" count="0" type="cond" truecount="0" falsecount="2"/>
          <line num="99" count="0" type="cond" truecount="0" falsecount="2"/>
          <line num="101" count="0" type="stmt"/>
          <line num="112" count="82" type="stmt"/>
        </file>
        <file name="index.js" path="/Users/sagegu/Documents/GitHub/sage/ShareCareBackend/src/lib/mongooseCursor/index.js">
          <metrics statements="36" coveredstatements="3" conditionals="16" coveredconditionals="0" methods="10" coveredmethods="0"/>
          <line num="7" count="82" type="stmt"/>
          <line num="8" count="82" type="stmt"/>
          <line num="9" count="82" type="stmt"/>
          <line num="17" count="0" type="cond" truecount="0" falsecount="2"/>
          <line num="18" count="0" type="stmt"/>
          <line num="20" count="0" type="stmt"/>
          <line num="22" count="0" type="stmt"/>
          <line num="25" count="0" type="cond" truecount="0" falsecount="2"/>
          <line num="26" count="0" type="stmt"/>
          <line num="30" count="0" type="stmt"/>
          <line num="31" count="0" type="stmt"/>
          <line num="33" count="0" type="stmt"/>
          <line num="34" count="0" type="stmt"/>
          <line num="41" count="0" type="stmt"/>
          <line num="42" count="0" type="stmt"/>
          <line num="47" count="0" type="cond" truecount="0" falsecount="2"/>
          <line num="48" count="0" type="stmt"/>
          <line num="50" count="0" type="stmt"/>
          <line num="54" count="0" type="cond" truecount="0" falsecount="4"/>
          <line num="55" count="0" type="stmt"/>
          <line num="57" count="0" type="cond" truecount="0" falsecount="2"/>
          <line num="58" count="0" type="stmt"/>
          <line num="61" count="0" type="stmt"/>
          <line num="62" count="0" type="stmt"/>
          <line num="64" count="0" type="stmt"/>
          <line num="66" count="0" type="stmt"/>
          <line num="72" count="0" type="cond" truecount="0" falsecount="2"/>
          <line num="74" count="0" type="stmt"/>
          <line num="76" count="0" type="stmt"/>
          <line num="78" count="0" type="cond" truecount="0" falsecount="2"/>
          <line num="79" count="0" type="stmt"/>
          <line num="82" count="0" type="stmt"/>
          <line num="83" count="0" type="stmt"/>
          <line num="86" count="0" type="stmt"/>
          <line num="88" count="0" type="stmt"/>
          <line num="89" count="0" type="stmt"/>
        </file>
      </package>
      <package name="lib.otp_core">
        <metrics statements="66" coveredstatements="6" conditionals="38" coveredconditionals="2" methods="14" coveredmethods="0"/>
        <file name="index.js" path="/Users/sagegu/Documents/GitHub/sage/ShareCareBackend/src/lib/otp_core/index.js">
          <metrics statements="54" coveredstatements="5" conditionals="33" coveredconditionals="0" methods="9" coveredmethods="0"/>
          <line num="2" count="65" type="stmt"/>
          <line num="9" count="65" type="stmt"/>
          <line num="10" count="65" type="stmt"/>
          <line num="11" count="65" type="stmt"/>
          <line num="27" count="0" type="cond" truecount="0" falsecount="2"/>
          <line num="28" count="0" type="stmt"/>
          <line num="30" count="0" type="cond" truecount="0" falsecount="2"/>
          <line num="31" count="0" type="stmt"/>
          <line num="35" count="0" type="stmt"/>
          <line num="36" count="0" type="cond" truecount="0" falsecount="2"/>
          <line num="37" count="0" type="cond" truecount="0" falsecount="4"/>
          <line num="38" count="0" type="cond" truecount="0" falsecount="2"/>
          <line num="39" count="0" type="stmt"/>
          <line num="40" count="0" type="stmt"/>
          <line num="42" count="0" type="stmt"/>
          <line num="43" count="0" type="cond" truecount="0" falsecount="2"/>
          <line num="44" count="0" type="stmt"/>
          <line num="45" count="0" type="stmt"/>
          <line num="49" count="0" type="cond" truecount="0" falsecount="2"/>
          <line num="50" count="0" type="stmt"/>
          <line num="53" count="0" type="stmt"/>
          <line num="55" count="0" type="stmt"/>
          <line num="77" count="0" type="cond" truecount="0" falsecount="2"/>
          <line num="78" count="0" type="stmt"/>
          <line num="80" count="0" type="cond" truecount="0" falsecount="2"/>
          <line num="81" count="0" type="stmt"/>
          <line num="83" count="0" type="stmt"/>
          <line num="84" count="0" type="stmt"/>
          <line num="92" count="0" type="cond" truecount="0" falsecount="2"/>
          <line num="102" count="0" type="stmt"/>
          <line num="104" count="0" type="stmt"/>
          <line num="108" count="0" type="stmt"/>
          <line num="111" count="65" type="stmt"/>
          <line num="124" count="0" type="stmt"/>
          <line num="125" count="0" type="stmt"/>
          <line num="126" count="0" type="cond" truecount="0" falsecount="2"/>
          <line num="128" count="0" type="cond" truecount="0" falsecount="2"/>
          <line num="129" count="0" type="stmt"/>
          <line num="132" count="0" type="cond" truecount="0" falsecount="2"/>
          <line num="133" count="0" type="stmt"/>
          <line num="136" count="0" type="stmt"/>
          <line num="137" count="0" type="stmt"/>
          <line num="138" count="0" type="stmt"/>
          <line num="139" count="0" type="stmt"/>
          <line num="140" count="0" type="stmt"/>
          <line num="141" count="0" type="stmt"/>
          <line num="142" count="0" type="cond" truecount="0" falsecount="2"/>
          <line num="143" count="0" type="stmt"/>
          <line num="145" count="0" type="stmt"/>
          <line num="146" count="0" type="stmt"/>
          <line num="149" count="0" type="stmt"/>
          <line num="150" count="0" type="stmt"/>
          <line num="152" count="0" type="stmt"/>
          <line num="153" count="0" type="stmt"/>
        </file>
        <file name="utils.js" path="/Users/sagegu/Documents/GitHub/sage/ShareCareBackend/src/lib/otp_core/utils.js">
          <metrics statements="12" coveredstatements="1" conditionals="5" coveredconditionals="2" methods="5" coveredmethods="0"/>
          <line num="10" count="0" type="stmt"/>
          <line num="11" count="0" type="stmt"/>
          <line num="12" count="0" type="cond" truecount="0" falsecount="2"/>
          <line num="13" count="0" type="stmt"/>
          <line num="16" count="0" type="stmt"/>
          <line num="21" count="65" type="cond" truecount="2" falsecount="0"/>
          <line num="29" count="0" type="stmt"/>
          <line num="30" count="0" type="stmt"/>
          <line num="31" count="0" type="stmt"/>
          <line num="40" count="0" type="stmt"/>
          <line num="41" count="0" type="stmt"/>
          <line num="42" count="0" type="stmt"/>
        </file>
      </package>
      <package name="logger">
        <metrics statements="56" coveredstatements="29" conditionals="68" coveredconditionals="36" methods="9" coveredmethods="4"/>
        <file name="auditLog.js" path="/Users/sagegu/Documents/GitHub/sage/ShareCareBackend/src/logger/auditLog.js">
          <metrics statements="35" coveredstatements="14" conditionals="34" coveredconditionals="16" methods="5" coveredmethods="3"/>
          <line num="8" count="184" type="stmt"/>
          <line num="22" count="184" type="stmt"/>
          <line num="27" count="5" type="stmt"/>
          <line num="30" count="5" type="stmt"/>
          <line num="37" count="184" type="stmt"/>
          <line num="54" count="0" type="stmt"/>
          <line num="57" count="0" type="cond" truecount="0" falsecount="2"/>
          <line num="58" count="0" type="stmt"/>
          <line num="59" count="0" type="stmt"/>
          <line num="64" count="0" type="stmt"/>
          <line num="69" count="0" type="stmt"/>
          <line num="73" count="0" type="stmt"/>
          <line num="77" count="184" type="stmt"/>
          <line num="78" count="184" type="stmt"/>
          <line num="81" count="184" type="stmt"/>
          <line num="82" count="184" type="cond" truecount="1" falsecount="1"/>
          <line num="83" count="184" type="cond" truecount="1" falsecount="1"/>
          <line num="84" count="0" type="stmt"/>
          <line num="86" count="184" type="stmt"/>
          <line num="94" count="184" type="stmt"/>
          <line num="97" count="0" type="stmt"/>
          <line num="100" count="0" type="stmt"/>
          <line num="101" count="0" type="stmt"/>
          <line num="108" count="0" type="cond" truecount="0" falsecount="4"/>
          <line num="110" count="0" type="stmt"/>
          <line num="118" count="0" type="stmt"/>
          <line num="120" count="0" type="stmt"/>
          <line num="129" count="0" type="stmt"/>
          <line num="131" count="0" type="stmt"/>
          <line num="140" count="0" type="stmt"/>
          <line num="142" count="0" type="stmt"/>
          <line num="152" count="0" type="stmt"/>
          <line num="156" count="184" type="cond" truecount="2" falsecount="0"/>
          <line num="158" count="184" type="stmt"/>
          <line num="160" count="0" type="stmt"/>
        </file>
        <file name="cronLog.js" path="/Users/sagegu/Documents/GitHub/sage/ShareCareBackend/src/logger/cronLog.js">
          <metrics statements="10" coveredstatements="6" conditionals="16" coveredconditionals="8" methods="2" coveredmethods="0"/>
          <line num="4" count="186" type="stmt"/>
          <line num="5" count="186" type="stmt"/>
          <line num="11" count="186" type="stmt"/>
          <line num="15" count="0" type="stmt"/>
          <line num="18" count="0" type="cond" truecount="0" falsecount="2"/>
          <line num="19" count="0" type="stmt"/>
          <line num="35" count="186" type="stmt"/>
          <line num="78" count="186" type="cond" truecount="2" falsecount="0"/>
          <line num="80" count="186" type="stmt"/>
          <line num="82" count="0" type="stmt"/>
        </file>
        <file name="gqlLog.js" path="/Users/sagegu/Documents/GitHub/sage/ShareCareBackend/src/logger/gqlLog.js">
          <metrics statements="10" coveredstatements="8" conditionals="18" coveredconditionals="12" methods="2" coveredmethods="1"/>
          <line num="4" count="179" type="stmt"/>
          <line num="5" count="179" type="stmt"/>
          <line num="36" count="179" type="stmt"/>
          <line num="44" count="0" type="stmt"/>
          <line num="50" count="179" type="stmt"/>
          <line num="58" count="342" type="stmt"/>
          <line num="97" count="179" type="cond" truecount="2" falsecount="0"/>
          <line num="98" count="179" type="stmt"/>
          <line num="100" count="179" type="stmt"/>
          <line num="102" count="0" type="stmt"/>
        </file>
        <file name="index.js" path="/Users/sagegu/Documents/GitHub/sage/ShareCareBackend/src/logger/index.js">
          <metrics statements="1" coveredstatements="1" conditionals="0" coveredconditionals="0" methods="0" coveredmethods="0"/>
          <line num="5" count="186" type="stmt"/>
        </file>
      </package>
      <package name="restful.provider">
        <metrics statements="89" coveredstatements="85" conditionals="32" coveredconditionals="28" methods="10" coveredmethods="10"/>
        <file name="apiAuth.js" path="/Users/sagegu/Documents/GitHub/sage/ShareCareBackend/src/restful/provider/apiAuth.js">
          <metrics statements="11" coveredstatements="11" conditionals="4" coveredconditionals="4" methods="1" coveredmethods="1"/>
          <line num="11" count="4" type="stmt"/>
          <line num="12" count="4" type="stmt"/>
          <line num="13" count="4" type="cond" truecount="4" falsecount="0"/>
          <line num="14" count="2" type="stmt"/>
          <line num="15" count="2" type="stmt"/>
          <line num="19" count="2" type="stmt"/>
          <line num="20" count="2" type="stmt"/>
          <line num="21" count="2" type="stmt"/>
          <line num="22" count="1" type="stmt"/>
          <line num="23" count="1" type="stmt"/>
          <line num="25" count="1" type="stmt"/>
        </file>
        <file name="chooseLoginOrganizationWrapper.js" path="/Users/sagegu/Documents/GitHub/sage/ShareCareBackend/src/restful/provider/chooseLoginOrganizationWrapper.js">
          <metrics statements="7" coveredstatements="7" conditionals="4" coveredconditionals="4" methods="1" coveredmethods="1"/>
          <line num="9" count="2" type="cond" truecount="2" falsecount="0"/>
          <line num="16" count="2" type="cond" truecount="2" falsecount="0"/>
          <line num="17" count="1" type="stmt"/>
          <line num="27" count="1" type="stmt"/>
          <line num="28" count="1" type="stmt"/>
          <line num="29" count="1" type="stmt"/>
          <line num="32" count="1" type="stmt"/>
        </file>
        <file name="createUserWrapper.js" path="/Users/sagegu/Documents/GitHub/sage/ShareCareBackend/src/restful/provider/createUserWrapper.js">
          <metrics statements="38" coveredstatements="34" conditionals="12" coveredconditionals="9" methods="4" coveredmethods="4"/>
          <line num="36" count="9" type="stmt"/>
          <line num="38" count="9" type="stmt"/>
          <line num="44" count="9" type="cond" truecount="3" falsecount="1"/>
          <line num="45" count="9" type="stmt"/>
          <line num="48" count="0" type="stmt"/>
          <line num="53" count="2" type="stmt"/>
          <line num="54" count="2" type="stmt"/>
          <line num="55" count="2" type="stmt"/>
          <line num="62" count="4" type="stmt"/>
          <line num="63" count="4" type="stmt"/>
          <line num="64" count="4" type="stmt"/>
          <line num="67" count="4" type="stmt"/>
          <line num="68" count="4" type="cond" truecount="2" falsecount="0"/>
          <line num="69" count="1" type="stmt"/>
          <line num="70" count="3" type="cond" truecount="1" falsecount="1"/>
          <line num="72" count="0" type="stmt"/>
          <line num="75" count="3" type="stmt"/>
          <line num="77" count="3" type="stmt"/>
          <line num="82" count="3" type="stmt"/>
          <line num="83" count="3" type="cond" truecount="2" falsecount="0"/>
          <line num="84" count="2" type="stmt"/>
          <line num="85" count="2" type="stmt"/>
          <line num="86" count="2" type="stmt"/>
          <line num="87" count="2" type="stmt"/>
          <line num="88" count="2" type="stmt"/>
          <line num="90" count="0" type="stmt"/>
          <line num="91" count="0" type="stmt"/>
          <line num="96" count="1" type="stmt"/>
          <line num="97" count="1" type="stmt"/>
          <line num="98" count="1" type="stmt"/>
          <line num="99" count="1" type="stmt"/>
          <line num="100" count="1" type="stmt"/>
          <line num="107" count="1" type="stmt"/>
          <line num="112" count="1" type="stmt"/>
          <line num="115" count="1" type="stmt"/>
          <line num="116" count="1" type="stmt"/>
          <line num="118" count="1" type="stmt"/>
          <line num="119" count="1" type="stmt"/>
        </file>
        <file name="deactivateUsersWrapper.js" path="/Users/sagegu/Documents/GitHub/sage/ShareCareBackend/src/restful/provider/deactivateUsersWrapper.js">
          <metrics statements="21" coveredstatements="21" conditionals="8" coveredconditionals="7" methods="3" coveredmethods="3"/>
          <line num="11" count="3" type="stmt"/>
          <line num="15" count="3" type="stmt"/>
          <line num="16" count="3" type="stmt"/>
          <line num="17" count="2" type="stmt"/>
          <line num="19" count="1" type="stmt"/>
          <line num="24" count="5" type="cond" truecount="4" falsecount="0"/>
          <line num="25" count="2" type="stmt"/>
          <line num="27" count="3" type="stmt"/>
          <line num="28" count="3" type="stmt"/>
          <line num="29" count="3" type="stmt"/>
          <line num="31" count="3" type="stmt"/>
          <line num="33" count="3" type="cond" truecount="2" falsecount="0"/>
          <line num="34" count="2" type="stmt"/>
          <line num="36" count="2" type="stmt"/>
          <line num="38" count="2" type="stmt"/>
          <line num="39" count="2" type="cond" truecount="1" falsecount="1"/>
          <line num="40" count="2" type="stmt"/>
          <line num="43" count="1" type="stmt"/>
          <line num="45" count="2" type="stmt"/>
          <line num="47" count="1" type="stmt"/>
          <line num="48" count="1" type="stmt"/>
        </file>
        <file name="tokenToViewer.js" path="/Users/sagegu/Documents/GitHub/sage/ShareCareBackend/src/restful/provider/tokenToViewer.js">
          <metrics statements="12" coveredstatements="12" conditionals="4" coveredconditionals="4" methods="1" coveredmethods="1"/>
          <line num="13" count="3" type="stmt"/>
          <line num="14" count="3" type="cond" truecount="2" falsecount="0"/>
          <line num="15" count="1" type="stmt"/>
          <line num="16" count="1" type="stmt"/>
          <line num="18" count="2" type="stmt"/>
          <line num="19" count="2" type="stmt"/>
          <line num="20" count="2" type="stmt"/>
          <line num="28" count="2" type="stmt"/>
          <line num="29" count="1" type="stmt"/>
          <line num="30" count="1" type="stmt"/>
          <line num="31" count="1" type="stmt"/>
          <line num="33" count="1" type="stmt"/>
        </file>
      </package>
    </metrics>
  </project>
</coverage>
